This is pdfTeX, Version 3.141592653-2.6-1.40.24 (MiKTeX 23.1) (preloaded format=pdflatex 2023.3.26)  14 APR 2023 11:49
entering extended mode
 restricted \write18 enabled.
 file:line:error style messages enabled.
 %&-line parsing enabled.
**"d:/AGUSTIN/Desktop/APLICADA_Informes/Informes_Latex/Electronica Aplicada 1/TP1/main.tex"
(d:/AGUSTIN/Desktop/APLICADA_Informes/Informes_Latex/Electronica Aplicada 1/TP1/main.tex
LaTeX2e <2022-11-01> patch level 1
L3 programming layer <2023-02-22> (D:\Mik\tex/latex/base\article.cls
Document Class: article 2022/07/02 v1.4n Standard LaTeX document class
(D:\Mik\tex/latex/base\size12.clo
File: size12.clo 2022/07/02 v1.4n Standard LaTeX file (size option)
)
\c@part=\count185
\c@section=\count186
\c@subsection=\count187
\c@subsubsection=\count188
\c@paragraph=\count189
\c@subparagraph=\count190
\c@figure=\count191
\c@table=\count192
\abovecaptionskip=\skip48
\belowcaptionskip=\skip49
\bibindent=\dimen140
) (D:\Mik\tex/latex/base\inputenc.sty
Package: inputenc 2021/02/14 v1.3d Input encoding file
\inpenc@prehook=\toks16
\inpenc@posthook=\toks17
) (D:\Mik\tex/latex/setspace\setspace.sty
Package: setspace 2022/12/04 v6.7b set line spacing
) (D:\Mik\tex/generic/babel\babel.sty
Package: babel 2023/02/13 3.86 The Babel package
\babel@savecnt=\count193
\U@D=\dimen141
\l@unhyphenated=\language79
 (D:\Mik\tex/generic/babel\txtbabel.def)
\bbl@readstream=\read2
\bbl@dirlevel=\count194

*************************************
* Local config file bblopts.cfg used
*
(D:\Mik\tex/latex/arabi\bblopts.cfg
File: bblopts.cfg 2005/09/08 v0.1 add Arabic and Farsi to "declared" options of babel
) (D:\Mik\tex/latex/babel-spanish\spanish.ldf
Language: spanish.ldf 2021/05/27 v5.0q Spanish support from the babel system
\es@quottoks=\toks18
\es@quotdepth=\count195
Package babel Info: Making " an active character on input line 570.
Package babel Info: Making . an active character on input line 675.
Package babel Info: Making < an active character on input line 722.
Package babel Info: Making > an active character on input line 722.
)) (D:\Mik\tex/generic/babel/locale/es\babel-spanish.tex
Package babel Info: Importing font and identification data for spanish
(babel)             from babel-es.ini. Reported on input line 11.
) (D:\Mik\tex/latex/fancyhdr\fancyhdr.sty
Package: fancyhdr 2022/11/09 v4.1 Extensive control of page headers and footers
\f@nch@headwidth=\skip50
\f@nch@O@elh=\skip51
\f@nch@O@erh=\skip52
\f@nch@O@olh=\skip53
\f@nch@O@orh=\skip54
\f@nch@O@elf=\skip55
\f@nch@O@erf=\skip56
\f@nch@O@olf=\skip57
\f@nch@O@orf=\skip58
) (D:\Mik\tex/latex/graphics\graphicx.sty
Package: graphicx 2021/09/16 v1.2d Enhanced LaTeX Graphics (DPC,SPQR)
 (D:\Mik\tex/latex/graphics\keyval.sty
Package: keyval 2022/05/29 v1.15 key=value parser (DPC)
\KV@toks@=\toks19
) (D:\Mik\tex/latex/graphics\graphics.sty
Package: graphics 2022/03/10 v1.4e Standard LaTeX Graphics (DPC,SPQR)
 (D:\Mik\tex/latex/graphics\trig.sty
Package: trig 2021/08/11 v1.11 sin cos tan (DPC)
) (D:\Mik\tex/latex/graphics-cfg\graphics.cfg
File: graphics.cfg 2016/06/04 v1.11 sample graphics configuration
)
Package graphics Info: Driver file: pdftex.def on input line 107.
 (D:\Mik\tex/latex/graphics-def\pdftex.def
File: pdftex.def 2022/09/22 v1.2b Graphics/color driver for pdftex
))
\Gin@req@height=\dimen142
\Gin@req@width=\dimen143
) (D:\Mik\tex/latex/geometry\geometry.sty
Package: geometry 2020/01/02 v5.9 Page Geometry
 (D:\Mik\tex/generic/iftex\ifvtex.sty
Package: ifvtex 2019/10/25 v1.7 ifvtex legacy package. Use iftex instead.
 (D:\Mik\tex/generic/iftex\iftex.sty
Package: iftex 2022/02/03 v1.0f TeX engine tests
))
\Gm@cnth=\count196
\Gm@cntv=\count197
\c@Gm@tempcnt=\count198
\Gm@bindingoffset=\dimen144
\Gm@wd@mp=\dimen145
\Gm@odd@mp=\dimen146
\Gm@even@mp=\dimen147
\Gm@layoutwidth=\dimen148
\Gm@layoutheight=\dimen149
\Gm@layouthoffset=\dimen150
\Gm@layoutvoffset=\dimen151
\Gm@dimlist=\toks20
 (D:\Mik\tex/latex/geometry\geometry.cfg)) (D:\Mik\tex/latex/l3backend\l3backend-pdftex.def
File: l3backend-pdftex.def 2023-01-16 L3 backend support: PDF output (pdfTeX)
\l__color_backend_stack_int=\count199
\l__pdf_internal_box=\box51
) (d:/AGUSTIN\Desktop\APLICADA_Informes\Informes_Latex\Electronica Aplicada 1\TP1build\main.aux)
\openout1 = `main.aux'.

LaTeX Font Info:    Checking defaults for OML/cmm/m/it on input line 20.
LaTeX Font Info:    ... okay on input line 20.
LaTeX Font Info:    Checking defaults for OMS/cmsy/m/n on input line 20.
LaTeX Font Info:    ... okay on input line 20.
LaTeX Font Info:    Checking defaults for OT1/cmr/m/n on input line 20.
LaTeX Font Info:    ... okay on input line 20.
LaTeX Font Info:    Checking defaults for T1/cmr/m/n on input line 20.
LaTeX Font Info:    ... okay on input line 20.
LaTeX Font Info:    Checking defaults for TS1/cmr/m/n on input line 20.
LaTeX Font Info:    ... okay on input line 20.
LaTeX Font Info:    Checking defaults for OMX/cmex/m/n on input line 20.
LaTeX Font Info:    ... okay on input line 20.
LaTeX Font Info:    Checking defaults for U/cmr/m/n on input line 20.
LaTeX Font Info:    ... okay on input line 20.
LaTeX Info: Redefining \. on input line 20.
LaTeX Info: Redefining \% on input line 20.
 (D:\Mik\tex/context/base/mkii\supp-pdf.mkii
[Loading MPS to PDF converter (version 2006.09.02).]
\scratchcounter=\count266
\scratchdimen=\dimen152
\scratchbox=\box52
\nofMPsegments=\count267
\nofMParguments=\count268
\everyMPshowfont=\toks21
\MPscratchCnt=\count269
\MPscratchDim=\dimen153
\MPnumerator=\count270
\makeMPintoPDFobject=\count271
\everyMPtoPDFconversion=\toks22
) (D:\Mik\tex/latex/epstopdf-pkg\epstopdf-base.sty
Package: epstopdf-base 2020-01-24 v2.11 Base part for package epstopdf
Package epstopdf-base Info: Redefining graphics rule for `.eps' on input line 485.
 (D:\Mik\tex/latex/00miktex\epstopdf-sys.cfg
File: epstopdf-sys.cfg 2021/03/18 v2.0 Configuration of epstopdf for MiKTeX
))
*geometry* driver: auto-detecting
*geometry* detected driver: pdftex
*geometry* verbose mode - [ preamble ] result:
* driver: pdftex
* paper: a4paper
* layout: <same size as paper>
* layoutoffset:(h,v)=(0.0pt,0.0pt)
* modes: 
* h-part:(L,W,R)=(85.35826pt, 426.79135pt, 85.35826pt)
* v-part:(T,H,B)=(85.35826pt, 674.33032pt, 85.35826pt)
* \paperwidth=597.50787pt
* \paperheight=845.04684pt
* \textwidth=426.79135pt
* \textheight=674.33032pt
* \oddsidemargin=13.08827pt
* \evensidemargin=13.08827pt
* \topmargin=-23.91173pt
* \headheight=12.0pt
* \headsep=25.0pt
* \topskip=12.0pt
* \footskip=30.0pt
* \marginparwidth=44.0pt
* \marginparsep=10.0pt
* \columnsep=10.0pt
* \skip\footins=10.8pt plus 4.0pt minus 2.0pt
* \hoffset=0.0pt
* \voffset=0.0pt
* \mag=1000
* \@twocolumnfalse
* \@twosidefalse
* \@mparswitchfalse
* \@reversemarginfalse
* (1in=72.27pt=25.4mm, 1cm=28.453pt)

<Imagenes/UTN_logo.jpg, id=1, 295.1025pt x 302.12875pt>
File: Imagenes/UTN_logo.jpg Graphic file (type jpg)
<use Imagenes/UTN_logo.jpg>
Package pdftex.def Info: Imagenes/UTN_logo.jpg  used on input line 25.
(pdftex.def)             Requested size: 85.35696pt x 87.38919pt.
[1

{C:/Users/AGUSTIN/AppData/Local/MiKTeX/fonts/map/pdftex/pdftex.map} <./Imagenes/UTN_logo.jpg>]
No file main.toc.
\tf@toc=\write3
\openout3 = `main.toc'.

File: Imagenes/UTN_logo.jpg Graphic file (type jpg)
<use Imagenes/UTN_logo.jpg>
Package pdftex.def Info: Imagenes/UTN_logo.jpg  used on input line 62.
(pdftex.def)             Requested size: 27.78735pt x 28.45274pt.

Package fancyhdr Warning: \headheight is too small (12.0pt): 
(fancyhdr)                Make it at least 32.80278pt, for example:
(fancyhdr)                \setlength{\headheight}{32.80278pt}.
(fancyhdr)                You might also make \topmargin smaller to compensate:
(fancyhdr)                \addtolength{\topmargin}{-20.80278pt}.


LaTeX Warning: Reference `LastPage' on page 1 undefined on input line 62.

[1]
LaTeX Font Info:    External font `cmex10' loaded for size
(Font)              <12> on input line 73.
LaTeX Font Info:    External font `cmex10' loaded for size
(Font)              <8> on input line 73.
LaTeX Font Info:    External font `cmex10' loaded for size
(Font)              <6> on input line 73.


LaTeX Warning: Reference `fig:1' on page 2 undefined on input line 76.

<Imagenes/circeq.png, id=13, 815.29594pt x 85.82062pt>
File: Imagenes/circeq.png Graphic file (type png)
<use Imagenes/circeq.png>
Package pdftex.def Info: Imagenes/circeq.png  used on input line 79.
(pdftex.def)             Requested size: 320.0935pt x 33.69382pt.
<Imagenes/polarizacionQ1.png, id=15, 366.36874pt x 526.96875pt>
File: Imagenes/polarizacionQ1.png Graphic file (type png)
<use Imagenes/polarizacionQ1.png>
Package pdftex.def Info: Imagenes/polarizacionQ1.png  used on input line 97.
(pdftex.def)             Requested size: 222.55101pt x 320.0935pt.
<Imagenes/PolarizaQ2.png, id=16, 366.36874pt x 526.96875pt>
File: Imagenes/PolarizaQ2.png Graphic file (type png)
<use Imagenes/PolarizaQ2.png>
Package pdftex.def Info: Imagenes/PolarizaQ2.png  used on input line 106.
(pdftex.def)             Requested size: 320.0935pt x 460.43716pt.

Underfull \hbox (badness 10000) in paragraph at lines 94--114

 []


LaTeX Warning: `!h' float specifier changed to `!ht'.


LaTeX Warning: `!h' float specifier changed to `!ht'.


Overfull \hbox (46.63605pt too wide) in paragraph at lines 119--120
[]$\OML/cmm/m/it/12 i[] \OT1/cmr/m/n/12 = \OML/cmm/m/it/12 ib\OT1/cmr/m/n/12 1(\OMS/cmsy/m/n/12 ^^@\OML/cmm/m/it/12 hfe[][]\OT1/cmr/m/n/12 ) \OMS/cmsy/m/n/12 ! [] \OT1/cmr/m/n/12 = \OMS/cmsy/m/n/12 ^^@\OML/cmm/m/it/12 hfe[][] \OT1/cmr/m/n/12 =
 []

File: Imagenes/UTN_logo.jpg Graphic file (type jpg)
<use Imagenes/UTN_logo.jpg>
Package pdftex.def Info: Imagenes/UTN_logo.jpg  used on input line 120.
(pdftex.def)             Requested size: 27.78735pt x 28.45274pt.

Package fancyhdr Warning: \headheight is too small (12.0pt): 
(fancyhdr)                Make it at least 32.80278pt, for example:
(fancyhdr)                \setlength{\headheight}{32.80278pt}.
(fancyhdr)                You might also make \topmargin smaller to compensate:
(fancyhdr)                \addtolength{\topmargin}{-20.80278pt}.


LaTeX Warning: Reference `LastPage' on page 2 undefined on input line 120.

[2 <./Imagenes/circeq.png>]
<Imagenes/Screenshot_58.png, id=28, 138.5175pt x 124.96687pt>
File: Imagenes/Screenshot_58.png Graphic file (type png)
<use Imagenes/Screenshot_58.png>
Package pdftex.def Info: Imagenes/Screenshot_58.png  used on input line 127.
(pdftex.def)             Requested size: 320.0935pt x 288.81548pt.


LaTeX Warning: `!h' float specifier changed to `!ht'.

File: Imagenes/UTN_logo.jpg Graphic file (type jpg)
<use Imagenes/UTN_logo.jpg>
Package pdftex.def Info: Imagenes/UTN_logo.jpg  used on input line 143.
(pdftex.def)             Requested size: 27.78735pt x 28.45274pt.

Package fancyhdr Warning: \headheight is too small (12.0pt): 
(fancyhdr)                Make it at least 32.80278pt, for example:
(fancyhdr)                \setlength{\headheight}{32.80278pt}.
(fancyhdr)                You might also make \topmargin smaller to compensate:
(fancyhdr)                \addtolength{\topmargin}{-20.80278pt}.


LaTeX Warning: Reference `LastPage' on page 3 undefined on input line 143.

[3 <./Imagenes/polarizacionQ1.png>]

LaTeX Warning: Reference `label' on page 4 undefined on input line 150.

<Imagenes/Av.png, id=34, 1018.55531pt x 446.41782pt>
File: Imagenes/Av.png Graphic file (type png)
<use Imagenes/Av.png>
Package pdftex.def Info: Imagenes/Av.png  used on input line 153.
(pdftex.def)             Requested size: 320.0935pt x 140.28857pt.
File: Imagenes/UTN_logo.jpg Graphic file (type jpg)
<use Imagenes/UTN_logo.jpg>
Package pdftex.def Info: Imagenes/UTN_logo.jpg  used on input line 158.
(pdftex.def)             Requested size: 27.78735pt x 28.45274pt.

Package fancyhdr Warning: \headheight is too small (12.0pt): 
(fancyhdr)                Make it at least 32.80278pt, for example:
(fancyhdr)                \setlength{\headheight}{32.80278pt}.
(fancyhdr)                You might also make \topmargin smaller to compensate:
(fancyhdr)                \addtolength{\topmargin}{-20.80278pt}.


LaTeX Warning: Reference `LastPage' on page 4 undefined on input line 158.

[4 <./Imagenes/PolarizaQ2.png>]
<Imagenes/lazoAbierto.png, id=39, 1017.04968pt x 450.9347pt>
File: Imagenes/lazoAbierto.png Graphic file (type png)
<use Imagenes/lazoAbierto.png>
Package pdftex.def Info: Imagenes/lazoAbierto.png  used on input line 162.
(pdftex.def)             Requested size: 320.0935pt x 141.92133pt.


LaTeX Warning: `!h' float specifier changed to `!ht'.

<Imagenes/Avf.png, id=40, 1026.08344pt x 467.49657pt>
File: Imagenes/Avf.png Graphic file (type png)
<use Imagenes/Avf.png>
Package pdftex.def Info: Imagenes/Avf.png  used on input line 171.
(pdftex.def)             Requested size: 320.0935pt x 145.83551pt.
<Imagenes/lazoCerrado.png, id=41, 1017.04968pt x 441.14813pt>
File: Imagenes/lazoCerrado.png Graphic file (type png)
<use Imagenes/lazoCerrado.png>
Package pdftex.def Info: Imagenes/lazoCerrado.png  used on input line 179.
(pdftex.def)             Requested size: 320.0935pt x 138.84123pt.
File: Imagenes/UTN_logo.jpg Graphic file (type jpg)
<use Imagenes/UTN_logo.jpg>
Package pdftex.def Info: Imagenes/UTN_logo.jpg  used on input line 184.
(pdftex.def)             Requested size: 27.78735pt x 28.45274pt.

Package fancyhdr Warning: \headheight is too small (12.0pt): 
(fancyhdr)                Make it at least 32.80278pt, for example:
(fancyhdr)                \setlength{\headheight}{32.80278pt}.
(fancyhdr)                You might also make \topmargin smaller to compensate:
(fancyhdr)                \addtolength{\topmargin}{-20.80278pt}.


LaTeX Warning: Reference `LastPage' on page 5 undefined on input line 184.

[5 <./Imagenes/Screenshot_58.png> <./Imagenes/Av.png>]
File: Imagenes/UTN_logo.jpg Graphic file (type jpg)
<use Imagenes/UTN_logo.jpg>
Package pdftex.def Info: Imagenes/UTN_logo.jpg  used on input line 193.
(pdftex.def)             Requested size: 27.78735pt x 28.45274pt.


Package fancyhdr Warning: \headheight is too small (12.0pt): 
(fancyhdr)                Make it at least 32.80278pt, for example:
(fancyhdr)                \setlength{\headheight}{32.80278pt}.
(fancyhdr)                You might also make \topmargin smaller to compensate:
(fancyhdr)                \addtolength{\topmargin}{-20.80278pt}.


LaTeX Warning: Reference `LastPage' on page 6 undefined on input line 193.

[6 <./Imagenes/lazoAbierto.png> <./Imagenes/Avf.png> <./Imagenes/lazoCerrado.png>]

LaTeX Warning: Reference `fig:4.1' on page 7 undefined on input line 203.

<Imagenes/conexion.png, id=54, 585.18625pt x 301.125pt>
File: Imagenes/conexion.png Graphic file (type png)
<use Imagenes/conexion.png>
Package pdftex.def Info: Imagenes/conexion.png  used on input line 206.
(pdftex.def)             Requested size: 320.0935pt x 164.71867pt.
d:/AGUSTIN/Desktop/APLICADA_Informes/Informes_Latex/Electronica Aplicada 1/TP1/main.tex:213: Undefined control sequence.
l.213 ...{V_{i}}=\frac{4V}{0.06V}=66.66 \therefore
                                                   A_{vf1}=\frac{V_o}{V_{i}}...
The control sequence at the end of the top line
of your error message was never \def'ed. If you have
misspelled it (e.g., `\hobx'), type `I' and the correct
spelling (e.g., `I\hbox'). Otherwise just continue,
and I'll forget about whatever was undefined.

File: Imagenes/UTN_logo.jpg Graphic file (type jpg)
<use Imagenes/UTN_logo.jpg>
Package pdftex.def Info: Imagenes/UTN_logo.jpg  used on input line 217.
(pdftex.def)             Requested size: 27.78735pt x 28.45274pt.

Package fancyhdr Warning: \headheight is too small (12.0pt): 
(fancyhdr)                Make it at least 32.80278pt, for example:
(fancyhdr)                \setlength{\headheight}{32.80278pt}.
(fancyhdr)                You might also make \topmargin smaller to compensate:
(fancyhdr)                \addtolength{\topmargin}{-20.80278pt}.


LaTeX Warning: Reference `LastPage' on page 7 undefined on input line 217.

[7 <./Imagenes/conexion.png>]
d:/AGUSTIN/Desktop/APLICADA_Informes/Informes_Latex/Electronica Aplicada 1/TP1/main.tex:217: Undefined control sequence.
l.217 ..._{i}}=\frac{2,2V}{0.06V}=36.66 \therefore
                                                   A_{vf2}=\frac{V_o}{V_{i}}...
The control sequence at the end of the top line
of your error message was never \def'ed. If you have
misspelled it (e.g., `\hobx'), type `I' and the correct
spelling (e.g., `I\hbox'). Otherwise just continue,
and I'll forget about whatever was undefined.


LaTeX Warning: Reference `fig:5' on page 8 undefined on input line 221.

<Imagenes/zi.png, id=59, 327.2225pt x 187.70125pt>
File: Imagenes/zi.png Graphic file (type png)
<use Imagenes/zi.png>
Package pdftex.def Info: Imagenes/zi.png  used on input line 225.
(pdftex.def)             Requested size: 320.0935pt x 183.61087pt.

Overfull \hbox (18.15497pt too wide) in paragraph at lines 229--230
[]\OT1/cmr/m/n/12 con el am-pli-fi-ca-dor a la-zo abier-to se au-men-to la $\OML/cmm/m/it/12 V[]$ \OT1/cmr/m/n/12 has-ta lle-gar al pun-to MES(Maxima
 []


LaTeX Warning: Reference `hala' on page 8 undefined on input line 233.

<Imagenes/zo.png, id=60, 327.2225pt x 206.7725pt>
File: Imagenes/zo.png Graphic file (type png)
<use Imagenes/zo.png>
Package pdftex.def Info: Imagenes/zo.png  used on input line 237.
(pdftex.def)             Requested size: 320.0935pt x 202.26651pt.

LaTeX Warning: `!h' float specifier changed to `!ht'.

File: Imagenes/UTN_logo.jpg Graphic file (type jpg)
<use Imagenes/UTN_logo.jpg>
Package pdftex.def Info: Imagenes/UTN_logo.jpg  used on input line 244.
(pdftex.def)             Requested size: 27.78735pt x 28.45274pt.

Package fancyhdr Warning: \headheight is too small (12.0pt): 
(fancyhdr)                Make it at least 32.80278pt, for example:
(fancyhdr)                \setlength{\headheight}{32.80278pt}.
(fancyhdr)                You might also make \topmargin smaller to compensate:
(fancyhdr)                \addtolength{\topmargin}{-20.80278pt}.


LaTeX Warning: Reference `LastPage' on page 8 undefined on input line 244.

[8 <./Imagenes/zi.png>]
d:/AGUSTIN/Desktop/APLICADA_Informes/Informes_Latex/Electronica Aplicada 1/TP1/main.tex:257: Undefined control sequence.
l.257 \cmidrule
                   10    & 2000  & 200   & 33,3333333 & 3,33333333 &  \\
The control sequence at the end of the top line
of your error message was never \def'ed. If you have
misspelled it (e.g., `\hobx'), type `I' and the correct
spelling (e.g., `I\hbox'). Otherwise just continue,
and I'll forget about whatever was undefined.

d:/AGUSTIN/Desktop/APLICADA_Informes/Informes_Latex/Electronica Aplicada 1/TP1/main.tex:259: Undefined control sequence.
l.259 \cmidrule
                  50    & 4240  & 500   & 70,6666667 & 8,33333333 &  \\
The control sequence at the end of the top line
of your error message was never \def'ed. If you have
misspelled it (e.g., `\hobx'), type `I' and the correct
spelling (e.g., `I\hbox'). Otherwise just continue,
and I'll forget about whatever was undefined.

d:/AGUSTIN/Desktop/APLICADA_Informes/Informes_Latex/Electronica Aplicada 1/TP1/main.tex:261: Undefined control sequence.
l.261 \cmidrule
                   100   & 4000  & 720   & 66,6666667 & 12    &  \\
The control sequence at the end of the top line
of your error message was never \def'ed. If you have
misspelled it (e.g., `\hobx'), type `I' and the correct
spelling (e.g., `I\hbox'). Otherwise just continue,
and I'll forget about whatever was undefined.

d:/AGUSTIN/Desktop/APLICADA_Informes/Informes_Latex/Electronica Aplicada 1/TP1/main.tex:263: Undefined control sequence.
l.263 \cmidrule
                   300   & 4000  & 760   & 66,6666667 & 12,6666667 &  \\
The control sequence at the end of the top line
of your error message was never \def'ed. If you have
misspelled it (e.g., `\hobx'), type `I' and the correct
spelling (e.g., `I\hbox'). Otherwise just continue,
and I'll forget about whatever was undefined.

d:/AGUSTIN/Desktop/APLICADA_Informes/Informes_Latex/Electronica Aplicada 1/TP1/main.tex:265: Undefined control sequence.
l.265 \cmidrule
                   500   & 4800  & 688   & 80    & 11,4666667 &  \\
The control sequence at the end of the top line
of your error message was never \def'ed. If you have
misspelled it (e.g., `\hobx'), type `I' and the correct
spelling (e.g., `I\hbox'). Otherwise just continue,
and I'll forget about whatever was undefined.

d:/AGUSTIN/Desktop/APLICADA_Informes/Informes_Latex/Electronica Aplicada 1/TP1/main.tex:267: Undefined control sequence.
l.267 \cmidrule
                   1000  & 4644  & 688   & 77,4  & 11,4666667 &  \\
The control sequence at the end of the top line
of your error message was never \def'ed. If you have
misspelled it (e.g., `\hobx'), type `I' and the correct
spelling (e.g., `I\hbox'). Otherwise just continue,
and I'll forget about whatever was undefined.

d:/AGUSTIN/Desktop/APLICADA_Informes/Informes_Latex/Electronica Aplicada 1/TP1/main.tex:269: Undefined control sequence.
l.269 \cmidrule
                   5000  & 5000  & 720   & 83,3333333 & 12    &  \\
The control sequence at the end of the top line
of your error message was never \def'ed. If you have
misspelled it (e.g., `\hobx'), type `I' and the correct
spelling (e.g., `I\hbox'). Otherwise just continue,
and I'll forget about whatever was undefined.

d:/AGUSTIN/Desktop/APLICADA_Informes/Informes_Latex/Electronica Aplicada 1/TP1/main.tex:271: Undefined control sequence.
l.271 \cmidrule
                  8000  & 4760  & 720   & 79,3333333 & 12    &  \\
The control sequence at the end of the top line
of your error message was never \def'ed. If you have
misspelled it (e.g., `\hobx'), type `I' and the correct
spelling (e.g., `I\hbox'). Otherwise just continue,
and I'll forget about whatever was undefined.

d:/AGUSTIN/Desktop/APLICADA_Informes/Informes_Latex/Electronica Aplicada 1/TP1/main.tex:273: Undefined control sequence.
l.273 \cmidrule
                  10000 & 4720  & 672   & 78,6666667 & 11,2  &  \\
The control sequence at the end of the top line
of your error message was never \def'ed. If you have
misspelled it (e.g., `\hobx'), type `I' and the correct
spelling (e.g., `I\hbox'). Otherwise just continue,
and I'll forget about whatever was undefined.

d:/AGUSTIN/Desktop/APLICADA_Informes/Informes_Latex/Electronica Aplicada 1/TP1/main.tex:275: Undefined control sequence.
l.275 \cmidrule
                   50000 & 4800  & 680   & 80    & 11,3333333 &  \\
The control sequence at the end of the top line
of your error message was never \def'ed. If you have
misspelled it (e.g., `\hobx'), type `I' and the correct
spelling (e.g., `I\hbox'). Otherwise just continue,
and I'll forget about whatever was undefined.

d:/AGUSTIN/Desktop/APLICADA_Informes/Informes_Latex/Electronica Aplicada 1/TP1/main.tex:277: Undefined control sequence.
l.277 \cmidrule
                  100000 & 4800  & 705   & 80    & 11,75 &  \\
The control sequence at the end of the top line
of your error message was never \def'ed. If you have
misspelled it (e.g., `\hobx'), type `I' and the correct
spelling (e.g., `I\hbox'). Otherwise just continue,
and I'll forget about whatever was undefined.

d:/AGUSTIN/Desktop/APLICADA_Informes/Informes_Latex/Electronica Aplicada 1/TP1/main.tex:279: Undefined control sequence.
l.279 \cmidrule
                  200000 & 4600  & 720   & 76,6666667 & 12    &  \\
The control sequence at the end of the top line
of your error message was never \def'ed. If you have
misspelled it (e.g., `\hobx'), type `I' and the correct
spelling (e.g., `I\hbox'). Otherwise just continue,
and I'll forget about whatever was undefined.

d:/AGUSTIN/Desktop/APLICADA_Informes/Informes_Latex/Electronica Aplicada 1/TP1/main.tex:281: Undefined control sequence.
l.281 \cmidrule
                  500000 & 3600  & 680   & 60    & 11,3333333 &  \\
The control sequence at the end of the top line
of your error message was never \def'ed. If you have
misspelled it (e.g., `\hobx'), type `I' and the correct
spelling (e.g., `I\hbox'). Otherwise just continue,
and I'll forget about whatever was undefined.

d:/AGUSTIN/Desktop/APLICADA_Informes/Informes_Latex/Electronica Aplicada 1/TP1/main.tex:283: Undefined control sequence.
l.283 \cmidrule
                   800000 & 2720  & 680   & 45,3333333 & 11,3333333 &  \\
The control sequence at the end of the top line
of your error message was never \def'ed. If you have
misspelled it (e.g., `\hobx'), type `I' and the correct
spelling (e.g., `I\hbox'). Otherwise just continue,
and I'll forget about whatever was undefined.

d:/AGUSTIN/Desktop/APLICADA_Informes/Informes_Latex/Electronica Aplicada 1/TP1/main.tex:285: Undefined control sequence.
l.285 \cmidrule
                   1000000 & 2400  & 680   & 40    & 11,3333333 &  \\
The control sequence at the end of the top line
of your error message was never \def'ed. If you have
misspelled it (e.g., `\hobx'), type `I' and the correct
spelling (e.g., `I\hbox'). Otherwise just continue,
and I'll forget about whatever was undefined.

d:/AGUSTIN/Desktop/APLICADA_Informes/Informes_Latex/Electronica Aplicada 1/TP1/main.tex:286: Undefined control sequence.
<recently read> \cmidrule 
                          
l.286 \cmidrule
                  1500000 & 1560  & 720   & 26    & 12    &  \\
The control sequence at the end of the top line
of your error message was never \def'ed. If you have
misspelled it (e.g., `\hobx'), type `I' and the correct
spelling (e.g., `I\hbox'). Otherwise just continue,
and I'll forget about whatever was undefined.

d:/AGUSTIN/Desktop/APLICADA_Informes/Informes_Latex/Electronica Aplicada 1/TP1/main.tex:287: Undefined control sequence.
<recently read> \cmidrule 
                          
l.287 \cmidrule
                   2000000 & 1120  & 720   & 18,6666667 & 12    &  \\
The control sequence at the end of the top line
of your error message was never \def'ed. If you have
misspelled it (e.g., `\hobx'), type `I' and the correct
spelling (e.g., `I\hbox'). Otherwise just continue,
and I'll forget about whatever was undefined.

d:/AGUSTIN/Desktop/APLICADA_Informes/Informes_Latex/Electronica Aplicada 1/TP1/main.tex:288: Undefined control sequence.
<recently read> \cmidrule 
                          
l.288 \cmidrule
                   \end{tabular}%
The control sequence at the end of the top line
of your error message was never \def'ed. If you have
misspelled it (e.g., `\hobx'), type `I' and the correct
spelling (e.g., `I\hbox'). Otherwise just continue,
and I'll forget about whatever was undefined.

File: Imagenes/UTN_logo.jpg Graphic file (type jpg)
<use Imagenes/UTN_logo.jpg>
Package pdftex.def Info: Imagenes/UTN_logo.jpg  used on input line 291.
(pdftex.def)             Requested size: 27.78735pt x 28.45274pt.

Package fancyhdr Warning: \headheight is too small (12.0pt): 
(fancyhdr)                Make it at least 32.80278pt, for example:
(fancyhdr)                \setlength{\headheight}{32.80278pt}.
(fancyhdr)                You might also make \topmargin smaller to compensate:
(fancyhdr)                \addtolength{\topmargin}{-20.80278pt}.


LaTeX Warning: Reference `LastPage' on page 9 undefined on input line 291.

[9 <./Imagenes/zo.png>] (d:/AGUSTIN\Desktop\APLICADA_Informes\Informes_Latex\Electronica Aplicada 1\TP1build\main.aux
LaTeX Info: Redefining \. on input line 8.
LaTeX Info: Redefining \% on input line 8.
)

LaTeX Warning: There were undefined references.


LaTeX Warning: Label(s) may have changed. Rerun to get cross-references right.

 ) 
Here is how much of TeX's memory you used:
 3645 strings out of 476334
 59595 string characters out of 5805787
 1865382 words of memory out of 5000000
 24047 multiletter control sequences out of 15000+600000
 517751 words of font info for 50 fonts, out of 8000000 for 9000
 1141 hyphenation exceptions out of 8191
 57i,16n,62p,358b,402s stack positions out of 10000i,1000n,20000p,200000b,200000s
<D:/Mik/fonts/type1/public/amsfonts/cm/cmbx12.pfb><D:/Mik/fonts/type1/public/amsfonts/cm/cmcsc10.pfb><D:/Mik/fonts/type1/public/amsfonts/cm/cmmi12.pfb><D:/Mik/fonts/type1/public/amsfonts/cm/cmmi6.pfb><D:/Mik/fonts/type1/public/amsfonts/cm/cmmi8.pfb><D:/Mik/fonts/type1/public/amsfonts/cm/cmr12.pfb><D:/Mik/fonts/type1/public/amsfonts/cm/cmr17.pfb><D:/Mik/fonts/type1/public/amsfonts/cm/cmr6.pfb><D:/Mik/fonts/type1/public/amsfonts/cm/cmr8.pfb><D:/Mik/fonts/type1/public/amsfonts/cm/cmsy10.pfb><D:/Mik/fonts/type1/public/amsfonts/cm/cmsy6.pfb><D:/Mik/fonts/type1/public/amsfonts/cm/cmsy8.pfb>
Output written on "d:/AGUSTIN\Desktop\APLICADA_Informes\Informes_Latex\Electronica Aplicada 1\TP1build\main.pdf" (10 pages, 492863 bytes).
PDF statistics:
 119 PDF objects out of 1000 (max. 8388607)
 0 named destinations out of 1000 (max. 500000)
 61 words of extra memory for PDF output out of 10000 (max. 10000000)

