This is pdfTeX, Version 3.141592653-2.6-1.40.24 (MiKTeX 23.1) (preloaded format=pdflatex 2023.3.26)  15 APR 2023 18:09
entering extended mode
 restricted \write18 enabled.
 file:line:error style messages enabled.
 %&-line parsing enabled.
**"d:/AGUSTIN/Desktop/APLICADA_Informes/Informes_Latex/Medidas Electronicas 1/TP2/main.tex"
(d:/AGUSTIN/Desktop/APLICADA_Informes/Informes_Latex/Medidas Electronicas 1/TP2/main.tex
LaTeX2e <2022-11-01> patch level 1
L3 programming layer <2023-02-22> (D:\Mik\tex/latex/base\article.cls
Document Class: article 2022/07/02 v1.4n Standard LaTeX document class
(D:\Mik\tex/latex/base\size12.clo
File: size12.clo 2022/07/02 v1.4n Standard LaTeX file (size option)
)
\c@part=\count185
\c@section=\count186
\c@subsection=\count187
\c@subsubsection=\count188
\c@paragraph=\count189
\c@subparagraph=\count190
\c@figure=\count191
\c@table=\count192
\abovecaptionskip=\skip48
\belowcaptionskip=\skip49
\bibindent=\dimen140
) (D:\Mik\tex/latex/base\inputenc.sty
Package: inputenc 2021/02/14 v1.3d Input encoding file
\inpenc@prehook=\toks16
\inpenc@posthook=\toks17
) (D:\Mik\tex/generic/babel\babel.sty
Package: babel 2023/02/13 3.86 The Babel package
\babel@savecnt=\count193
\U@D=\dimen141
\l@unhyphenated=\language79
 (D:\Mik\tex/generic/babel\txtbabel.def)
\bbl@readstream=\read2
\bbl@dirlevel=\count194

*************************************
* Local config file bblopts.cfg used
*
(D:\Mik\tex/latex/arabi\bblopts.cfg
File: bblopts.cfg 2005/09/08 v0.1 add Arabic and Farsi to "declared" options of babel
) (D:\Mik\tex/latex/babel-spanish\spanish.ldf
Language: spanish.ldf 2021/05/27 v5.0q Spanish support from the babel system
\es@quottoks=\toks18
\es@quotdepth=\count195
Package babel Info: Making " an active character on input line 570.
Package babel Info: Making . an active character on input line 675.
Package babel Info: Making < an active character on input line 722.
Package babel Info: Making > an active character on input line 722.
)) (D:\Mik\tex/generic/babel/locale/es\babel-spanish.tex
Package babel Info: Importing font and identification data for spanish
(babel)             from babel-es.ini. Reported on input line 11.
) (D:\Mik\tex/latex/fancyhdr\fancyhdr.sty
Package: fancyhdr 2022/11/09 v4.1 Extensive control of page headers and footers
\f@nch@headwidth=\skip50
\f@nch@O@elh=\skip51
\f@nch@O@erh=\skip52
\f@nch@O@olh=\skip53
\f@nch@O@orh=\skip54
\f@nch@O@elf=\skip55
\f@nch@O@erf=\skip56
\f@nch@O@olf=\skip57
\f@nch@O@orf=\skip58
) (D:\Mik\tex/latex/graphics\graphicx.sty
Package: graphicx 2021/09/16 v1.2d Enhanced LaTeX Graphics (DPC,SPQR)
 (D:\Mik\tex/latex/graphics\keyval.sty
Package: keyval 2022/05/29 v1.15 key=value parser (DPC)
\KV@toks@=\toks19
) (D:\Mik\tex/latex/graphics\graphics.sty
Package: graphics 2022/03/10 v1.4e Standard LaTeX Graphics (DPC,SPQR)
 (D:\Mik\tex/latex/graphics\trig.sty
Package: trig 2021/08/11 v1.11 sin cos tan (DPC)
) (D:\Mik\tex/latex/graphics-cfg\graphics.cfg
File: graphics.cfg 2016/06/04 v1.11 sample graphics configuration
)
Package graphics Info: Driver file: pdftex.def on input line 107.
 (D:\Mik\tex/latex/graphics-def\pdftex.def
File: pdftex.def 2022/09/22 v1.2b Graphics/color driver for pdftex
))
\Gin@req@height=\dimen142
\Gin@req@width=\dimen143
) (D:\Mik\tex/latex/geometry\geometry.sty
Package: geometry 2020/01/02 v5.9 Page Geometry
 (D:\Mik\tex/generic/iftex\ifvtex.sty
Package: ifvtex 2019/10/25 v1.7 ifvtex legacy package. Use iftex instead.
 (D:\Mik\tex/generic/iftex\iftex.sty
Package: iftex 2022/02/03 v1.0f TeX engine tests
))
\Gm@cnth=\count196
\Gm@cntv=\count197
\c@Gm@tempcnt=\count198
\Gm@bindingoffset=\dimen144
\Gm@wd@mp=\dimen145
\Gm@odd@mp=\dimen146
\Gm@even@mp=\dimen147
\Gm@layoutwidth=\dimen148
\Gm@layoutheight=\dimen149
\Gm@layouthoffset=\dimen150
\Gm@layoutvoffset=\dimen151
\Gm@dimlist=\toks20
 (D:\Mik\tex/latex/geometry\geometry.cfg)) (D:\Mik\tex/latex/l3backend\l3backend-pdftex.def
File: l3backend-pdftex.def 2023-01-16 L3 backend support: PDF output (pdfTeX)
\l__color_backend_stack_int=\count199
\l__pdf_internal_box=\box51
) (d:/AGUSTIN\Desktop\APLICADA_Informes\Informes_Latex\Medidas Electronicas 1\TP2build\main.aux)
\openout1 = `main.aux'.

LaTeX Font Info:    Checking defaults for OML/cmm/m/it on input line 19.
LaTeX Font Info:    ... okay on input line 19.
LaTeX Font Info:    Checking defaults for OMS/cmsy/m/n on input line 19.
LaTeX Font Info:    ... okay on input line 19.
LaTeX Font Info:    Checking defaults for OT1/cmr/m/n on input line 19.
LaTeX Font Info:    ... okay on input line 19.
LaTeX Font Info:    Checking defaults for T1/cmr/m/n on input line 19.
LaTeX Font Info:    ... okay on input line 19.
LaTeX Font Info:    Checking defaults for TS1/cmr/m/n on input line 19.
LaTeX Font Info:    ... okay on input line 19.
LaTeX Font Info:    Checking defaults for OMX/cmex/m/n on input line 19.
LaTeX Font Info:    ... okay on input line 19.
LaTeX Font Info:    Checking defaults for U/cmr/m/n on input line 19.
LaTeX Font Info:    ... okay on input line 19.
LaTeX Info: Redefining \. on input line 19.
LaTeX Info: Redefining \% on input line 19.
 (D:\Mik\tex/context/base/mkii\supp-pdf.mkii
[Loading MPS to PDF converter (version 2006.09.02).]
\scratchcounter=\count266
\scratchdimen=\dimen152
\scratchbox=\box52
\nofMPsegments=\count267
\nofMParguments=\count268
\everyMPshowfont=\toks21
\MPscratchCnt=\count269
\MPscratchDim=\dimen153
\MPnumerator=\count270
\makeMPintoPDFobject=\count271
\everyMPtoPDFconversion=\toks22
) (D:\Mik\tex/latex/epstopdf-pkg\epstopdf-base.sty
Package: epstopdf-base 2020-01-24 v2.11 Base part for package epstopdf
Package epstopdf-base Info: Redefining graphics rule for `.eps' on input line 485.
 (D:\Mik\tex/latex/00miktex\epstopdf-sys.cfg
File: epstopdf-sys.cfg 2021/03/18 v2.0 Configuration of epstopdf for MiKTeX
))
*geometry* driver: auto-detecting
*geometry* detected driver: pdftex
*geometry* verbose mode - [ preamble ] result:
* driver: pdftex
* paper: a4paper
* layout: <same size as paper>
* layoutoffset:(h,v)=(0.0pt,0.0pt)
* modes: 
* h-part:(L,W,R)=(85.35826pt, 426.79135pt, 85.35826pt)
* v-part:(T,H,B)=(85.35826pt, 674.33032pt, 85.35826pt)
* \paperwidth=597.50787pt
* \paperheight=845.04684pt
* \textwidth=426.79135pt
* \textheight=674.33032pt
* \oddsidemargin=13.08827pt
* \evensidemargin=13.08827pt
* \topmargin=-23.91173pt
* \headheight=12.0pt
* \headsep=25.0pt
* \topskip=12.0pt
* \footskip=30.0pt
* \marginparwidth=44.0pt
* \marginparsep=10.0pt
* \columnsep=10.0pt
* \skip\footins=10.8pt plus 4.0pt minus 2.0pt
* \hoffset=0.0pt
* \voffset=0.0pt
* \mag=1000
* \@twocolumnfalse
* \@twosidefalse
* \@mparswitchfalse
* \@reversemarginfalse
* (1in=72.27pt=25.4mm, 1cm=28.453pt)

<imagenes/UTN_logo.jpg, id=1, 295.1025pt x 302.12875pt>
File: imagenes/UTN_logo.jpg Graphic file (type jpg)
<use imagenes/UTN_logo.jpg>
Package pdftex.def Info: imagenes/UTN_logo.jpg  used on input line 24.
(pdftex.def)             Requested size: 85.35696pt x 87.38919pt.
[1

{C:/Users/AGUSTIN/AppData/Local/MiKTeX/fonts/map/pdftex/pdftex.map} <./imagenes/UTN_logo.jpg>]
No file main.toc.
\tf@toc=\write3
\openout3 = `main.toc'.

File: imagenes/UTN_logo.jpg Graphic file (type jpg)
<use imagenes/UTN_logo.jpg>
Package pdftex.def Info: imagenes/UTN_logo.jpg  used on input line 61.
(pdftex.def)             Requested size: 27.78735pt x 28.45274pt.

Package fancyhdr Warning: \headheight is too small (12.0pt): 
(fancyhdr)                Make it at least 32.80278pt, for example:
(fancyhdr)                \setlength{\headheight}{32.80278pt}.
(fancyhdr)                You might also make \topmargin smaller to compensate:
(fancyhdr)                \addtolength{\topmargin}{-20.80278pt}.


LaTeX Warning: Reference `LastPage' on page 1 undefined on input line 61.

[1]
<Imagenes/met_4_terminales.jpg, id=13, 214.55156pt x 112.16907pt>
File: Imagenes/met_4_terminales.jpg Graphic file (type jpg)
<use Imagenes/met_4_terminales.jpg>
Package pdftex.def Info: Imagenes/met_4_terminales.jpg  used on input line 99.
(pdftex.def)             Requested size: 214.55103pt x 112.16878pt.


LaTeX Warning: `h' float specifier changed to `ht'.


Underfull \hbox (badness 10000) in paragraph at lines 109--119

 []

File: imagenes/UTN_logo.jpg Graphic file (type jpg)
<use imagenes/UTN_logo.jpg>
Package pdftex.def Info: imagenes/UTN_logo.jpg  used on input line 128.
(pdftex.def)             Requested size: 27.78735pt x 28.45274pt.

Package fancyhdr Warning: \headheight is too small (12.0pt): 
(fancyhdr)                Make it at least 32.80278pt, for example:
(fancyhdr)                \setlength{\headheight}{32.80278pt}.
(fancyhdr)                You might also make \topmargin smaller to compensate:
(fancyhdr)                \addtolength{\topmargin}{-20.80278pt}.


LaTeX Warning: Reference `LastPage' on page 2 undefined on input line 128.

[2]
<Imagenes/circuito_lm317.jpg, id=17, 229.60782pt x 131.74219pt>
File: Imagenes/circuito_lm317.jpg Graphic file (type jpg)
<use Imagenes/circuito_lm317.jpg>
Package pdftex.def Info: Imagenes/circuito_lm317.jpg  used on input line 131.
(pdftex.def)             Requested size: 229.60725pt x 131.74185pt.

d:/AGUSTIN/Desktop/APLICADA_Informes/Informes_Latex/Medidas Electronicas 1/TP2/main.tex:148: Missing $ inserted.
<inserted text> 
                $
l.148 \frac{\Delta R=}{R}
                         \frac{\Delta V}{V}+\frac{\Delta I}{I}
I've inserted a begin-math/end-math symbol since I think
you left one out. Proceed, with fingers crossed.

LaTeX Font Info:    External font `cmex10' loaded for size
(Font)              <12> on input line 148.
LaTeX Font Info:    External font `cmex10' loaded for size
(Font)              <8> on input line 148.
LaTeX Font Info:    External font `cmex10' loaded for size
(Font)              <6> on input line 148.
d:/AGUSTIN/Desktop/APLICADA_Informes/Informes_Latex/Medidas Electronicas 1/TP2/main.tex:148: Missing $ inserted.
<inserted text> 
                $
l.148 \frac{\Delta R=}{R}
                         \frac{\Delta V}{V}+\frac{\Delta I}{I}
I've inserted something that you may have forgotten.
(See the <inserted text> above.)
With luck, this will get me unwedged. But if you
really didn't forget anything, try typing `2' now; then
my insertion and my current dilemma will both disappear.

d:/AGUSTIN/Desktop/APLICADA_Informes/Informes_Latex/Medidas Electronicas 1/TP2/main.tex:148: Missing $ inserted.
<inserted text> 
                $
l.148 \frac{\Delta R=}{R}
                         \frac{\Delta V}{V}+\frac{\Delta I}{I}
I've inserted a begin-math/end-math symbol since I think
you left one out. Proceed, with fingers crossed.

d:/AGUSTIN/Desktop/APLICADA_Informes/Informes_Latex/Medidas Electronicas 1/TP2/main.tex:148: Extra }, or forgotten $.
\frac  #1#2->{\begingroup #1\endgroup \over #2}
                                               
l.148 \frac{\Delta R=}{R}
                         \frac{\Delta V}{V}+\frac{\Delta I}{I}
I've deleted a group-closing symbol because it seems to be
spurious, as in `$x}$'. But perhaps the } is legitimate and
you forgot something else, as in `\hbox{$x}'. In such cases
the way to recover is to insert both the forgotten and the
deleted material, e.g., by typing `I$}'.

d:/AGUSTIN/Desktop/APLICADA_Informes/Informes_Latex/Medidas Electronicas 1/TP2/main.tex:149: Missing $ inserted.
<inserted text> 
                $
l.149 
      
I've inserted a begin-math/end-math symbol since I think
you left one out. Proceed, with fingers crossed.


d:/AGUSTIN/Desktop/APLICADA_Informes/Informes_Latex/Medidas Electronicas 1/TP2/main.tex:150: LaTeX Error: There's no line here to end.

See the LaTeX manual or LaTeX Companion for explanation.
Type  H <return>  for immediate help.
 ...                                              
                                                  
l.150 \newline
              
Your command was ignored.
Type  I <command> <return>  to replace it with another command,
or  <return>  to continue without it.

d:/AGUSTIN/Desktop/APLICADA_Informes/Informes_Latex/Medidas Electronicas 1/TP2/main.tex:154: Missing $ inserted.
<inserted text> 
                $
l.154 \Delta
             X=( \frac{Valor promedio  Porcentaje}{100} + NÂ° digitos)\\
I've inserted a begin-math/end-math symbol since I think
you left one out. Proceed, with fingers crossed.


LaTeX Warning: Command \textdegree invalid in math mode on input line 154.


LaTeX Warning: Command \textdegree invalid in math mode on input line 154.

d:/AGUSTIN/Desktop/APLICADA_Informes/Informes_Latex/Medidas Electronicas 1/TP2/main.tex:155: Missing $ inserted.
<inserted text> 
                $
l.155 
      
I've inserted a begin-math/end-math symbol since I think
you left one out. Proceed, with fingers crossed.

Missing character: There is no ° in font cmr12!

Underfull \hbox (badness 10000) in paragraph at lines 151--155

 []


Underfull \hbox (badness 10000) in paragraph at lines 156--159

 []

File: imagenes/UTN_logo.jpg Graphic file (type jpg)
<use imagenes/UTN_logo.jpg>
Package pdftex.def Info: imagenes/UTN_logo.jpg  used on input line 159.
(pdftex.def)             Requested size: 27.78735pt x 28.45274pt.

Package fancyhdr Warning: \headheight is too small (12.0pt): 
(fancyhdr)                Make it at least 32.80278pt, for example:
(fancyhdr)                \setlength{\headheight}{32.80278pt}.
(fancyhdr)                You might also make \topmargin smaller to compensate:
(fancyhdr)                \addtolength{\topmargin}{-20.80278pt}.


LaTeX Warning: Reference `LastPage' on page 3 undefined on input line 159.

[3 <./Imagenes/met_4_terminales.jpg> <./Imagenes/circuito_lm317.jpg>]

d:/AGUSTIN/Desktop/APLICADA_Informes/Informes_Latex/Medidas Electronicas 1/TP2/main.tex:159: LaTeX Error: Lonely \item--perhaps a missing list environment.

See the LaTeX manual or LaTeX Companion for explanation.
Type  H <return>  for immediate help.
 ...                                              
                                                  
l.159 \item  I
              ncertidumbres\\
Try typing  <return>  to proceed.
If that doesn't work, type  X <return>  to quit.

d:/AGUSTIN/Desktop/APLICADA_Informes/Informes_Latex/Medidas Electronicas 1/TP2/main.tex:160: Missing $ inserted.
<inserted text> 
                $
l.160 \Delta
              V=\\
I've inserted a begin-math/end-math symbol since I think
you left one out. Proceed, with fingers crossed.


d:/AGUSTIN/Desktop/APLICADA_Informes/Informes_Latex/Medidas Electronicas 1/TP2/main.tex:162: LaTeX Error: Command \item invalid in math mode.

See the LaTeX manual or LaTeX Companion for explanation.
Type  H <return>  for immediate help.
 ...                                              
                                                  
l.162 \item
            Errores Relativos\\
Try typing  <return>  to proceed.
If that doesn't work, type  X <return>  to quit.


d:/AGUSTIN/Desktop/APLICADA_Informes/Informes_Latex/Medidas Electronicas 1/TP2/main.tex:162: LaTeX Error: Something's wrong--perhaps a missing \item.

See the LaTeX manual or LaTeX Companion for explanation.
Type  H <return>  for immediate help.
 ...                                              
                                                  
l.162 \item E
             rrores Relativos\\
Try typing  <return>  to proceed.
If that doesn't work, type  X <return>  to quit.


d:/AGUSTIN/Desktop/APLICADA_Informes/Informes_Latex/Medidas Electronicas 1/TP2/main.tex:162: LaTeX Error: Something's wrong--perhaps a missing \item.

See the LaTeX manual or LaTeX Companion for explanation.
Type  H <return>  for immediate help.
 ...                                              
                                                  
l.162 \item E
             rrores Relativos\\
Try typing  <return>  to proceed.
If that doesn't work, type  X <return>  to quit.


d:/AGUSTIN/Desktop/APLICADA_Informes/Informes_Latex/Medidas Electronicas 1/TP2/main.tex:162: LaTeX Error: Lonely \item--perhaps a missing list environment.

See the LaTeX manual or LaTeX Companion for explanation.
Type  H <return>  for immediate help.
 ...                                              
                                                  
l.162 \item E
             rrores Relativos\\
Try typing  <return>  to proceed.
If that doesn't work, type  X <return>  to quit.


d:/AGUSTIN/Desktop/APLICADA_Informes/Informes_Latex/Medidas Electronicas 1/TP2/main.tex:165: LaTeX Error: Command \item invalid in math mode.

See the LaTeX manual or LaTeX Companion for explanation.
Type  H <return>  for immediate help.
 ...                                              
                                                  
l.165 \item
            Calculo de la incertidumbre en la resistencia\newline
Try typing  <return>  to proceed.
If that doesn't work, type  X <return>  to quit.

d:/AGUSTIN/Desktop/APLICADA_Informes/Informes_Latex/Medidas Electronicas 1/TP2/main.tex:165: Missing $ inserted.
<inserted text> 
                $
l.165 \item C
             alculo de la incertidumbre en la resistencia\newline
I've inserted a begin-math/end-math symbol since I think
you left one out. Proceed, with fingers crossed.


d:/AGUSTIN/Desktop/APLICADA_Informes/Informes_Latex/Medidas Electronicas 1/TP2/main.tex:165: LaTeX Error: Lonely \item--perhaps a missing list environment.

See the LaTeX manual or LaTeX Companion for explanation.
Type  H <return>  for immediate help.
 ...                                              
                                                  
l.165 \item C
             alculo de la incertidumbre en la resistencia\newline
Try typing  <return>  to proceed.
If that doesn't work, type  X <return>  to quit.


Underfull \hbox (badness 10000) in paragraph at lines 165--166

 []

d:/AGUSTIN/Desktop/APLICADA_Informes/Informes_Latex/Medidas Electronicas 1/TP2/main.tex:167: Missing $ inserted.
<inserted text> 
                $
l.167 \frac{\Delta R}{R}
                         =\frac{\Delta V}{V} + \frac{\Delta I}{I} \newline
I've inserted a begin-math/end-math symbol since I think
you left one out. Proceed, with fingers crossed.

d:/AGUSTIN/Desktop/APLICADA_Informes/Informes_Latex/Medidas Electronicas 1/TP2/main.tex:167: Missing $ inserted.
<inserted text> 
                $
l.167 \frac{\Delta R}{R}
                         =\frac{\Delta V}{V} + \frac{\Delta I}{I} \newline
I've inserted something that you may have forgotten.
(See the <inserted text> above.)
With luck, this will get me unwedged. But if you
really didn't forget anything, try typing `2' now; then
my insertion and my current dilemma will both disappear.

d:/AGUSTIN/Desktop/APLICADA_Informes/Informes_Latex/Medidas Electronicas 1/TP2/main.tex:167: Missing $ inserted.
<inserted text> 
                $
l.167 \frac{\Delta R}{R}
                         =\frac{\Delta V}{V} + \frac{\Delta I}{I} \newline
I've inserted a begin-math/end-math symbol since I think
you left one out. Proceed, with fingers crossed.

d:/AGUSTIN/Desktop/APLICADA_Informes/Informes_Latex/Medidas Electronicas 1/TP2/main.tex:167: Extra }, or forgotten $.
\frac  #1#2->{\begingroup #1\endgroup \over #2}
                                               
l.167 \frac{\Delta R}{R}
                         =\frac{\Delta V}{V} + \frac{\Delta I}{I} \newline
I've deleted a group-closing symbol because it seems to be
spurious, as in `$x}$'. But perhaps the } is legitimate and
you forgot something else, as in `\hbox{$x}'. In such cases
the way to recover is to insert both the forgotten and the
deleted material, e.g., by typing `I$}'.

d:/AGUSTIN/Desktop/APLICADA_Informes/Informes_Latex/Medidas Electronicas 1/TP2/main.tex:168: Missing $ inserted.
<inserted text> 
                $
l.168 
      
I've inserted a begin-math/end-math symbol since I think
you left one out. Proceed, with fingers crossed.

d:/AGUSTIN/Desktop/APLICADA_Informes/Informes_Latex/Medidas Electronicas 1/TP2/main.tex:169: Missing $ inserted.
<inserted text> 
                $
l.169 \Delta
             R=\newline
I've inserted a begin-math/end-math symbol since I think
you left one out. Proceed, with fingers crossed.

d:/AGUSTIN/Desktop/APLICADA_Informes/Informes_Latex/Medidas Electronicas 1/TP2/main.tex:170: Missing $ inserted.
<inserted text> 
                $
l.170 
      
I've inserted a begin-math/end-math symbol since I think
you left one out. Proceed, with fingers crossed.


Underfull \hbox (badness 10000) in paragraph at lines 169--170

 []


d:/AGUSTIN/Desktop/APLICADA_Informes/Informes_Latex/Medidas Electronicas 1/TP2/main.tex:171: LaTeX Error: Lonely \item--perhaps a missing list environment.

See the LaTeX manual or LaTeX Companion for explanation.
Type  H <return>  for immediate help.
 ...                                              
                                                  
l.171 \item E
             rrores relativos Porcentuales\\
Try typing  <return>  to proceed.
If that doesn't work, type  X <return>  to quit.


Underfull \hbox (badness 10000) in paragraph at lines 171--172

 []

d:/AGUSTIN/Desktop/APLICADA_Informes/Informes_Latex/Medidas Electronicas 1/TP2/main.tex:173: Missing $ inserted.
<inserted text> 
                $
l.173 \frac{Delta V}{V}
                        . 100=\newline
I've inserted a begin-math/end-math symbol since I think
you left one out. Proceed, with fingers crossed.

d:/AGUSTIN/Desktop/APLICADA_Informes/Informes_Latex/Medidas Electronicas 1/TP2/main.tex:173: Extra }, or forgotten $.
\frac  #1#2->{\begingroup #1\endgroup \over #2}
                                               
l.173 \frac{Delta V}{V}
                        . 100=\newline
I've deleted a group-closing symbol because it seems to be
spurious, as in `$x}$'. But perhaps the } is legitimate and
you forgot something else, as in `\hbox{$x}'. In such cases
the way to recover is to insert both the forgotten and the
deleted material, e.g., by typing `I$}'.

d:/AGUSTIN/Desktop/APLICADA_Informes/Informes_Latex/Medidas Electronicas 1/TP2/main.tex:176: Missing $ inserted.
<inserted text> 
                $
l.176 
      
I've inserted a begin-math/end-math symbol since I think
you left one out. Proceed, with fingers crossed.

d:/AGUSTIN/Desktop/APLICADA_Informes/Informes_Latex/Medidas Electronicas 1/TP2/main.tex:180: Missing $ inserted.
<inserted text> 
                $
l.180 	----------- & ----------- & \Delta
                                          x  & frac{\Delta x}{X}  & \Delta x...
I've inserted a begin-math/end-math symbol since I think
you left one out. Proceed, with fingers crossed.

d:/AGUSTIN/Desktop/APLICADA_Informes/Informes_Latex/Medidas Electronicas 1/TP2/main.tex:180: Extra }, or forgotten $.
<template> \unskip \hfil }
                          \hskip \tabcolsep \hskip -.5\arrayrulewidth \vrule...
l.180 	----------- & ----------- & \Delta x  &
                                               frac{\Delta x}{X}  & \Delta x...
I've deleted a group-closing symbol because it seems to be
spurious, as in `$x}$'. But perhaps the } is legitimate and
you forgot something else, as in `\hbox{$x}'. In such cases
the way to recover is to insert both the forgotten and the
deleted material, e.g., by typing `I$}'.

d:/AGUSTIN/Desktop/APLICADA_Informes/Informes_Latex/Medidas Electronicas 1/TP2/main.tex:180: Missing $ inserted.
<inserted text> 
                $
l.180 	----------- & ----------- & \Delta x  &
                                               frac{\Delta x}{X}  & \Delta x...
I've inserted a begin-math/end-math symbol since I think
you left one out. Proceed, with fingers crossed.

d:/AGUSTIN/Desktop/APLICADA_Informes/Informes_Latex/Medidas Electronicas 1/TP2/main.tex:180: Missing } inserted.
<inserted text> 
                }
l.180 	----------- & ----------- & \Delta x  &
                                               frac{\Delta x}{X}  & \Delta x...
I've inserted something that you may have forgotten.
(See the <inserted text> above.)
With luck, this will get me unwedged. But if you
really didn't forget anything, try typing `2' now; then
my insertion and my current dilemma will both disappear.

d:/AGUSTIN/Desktop/APLICADA_Informes/Informes_Latex/Medidas Electronicas 1/TP2/main.tex:180: Missing $ inserted.
<inserted text> 
                $
l.180 ...- & ----------- & \Delta x  & frac{\Delta
                                                   x}{X}  & \Delta x/X *100 ...
I've inserted a begin-math/end-math symbol since I think
you left one out. Proceed, with fingers crossed.

d:/AGUSTIN/Desktop/APLICADA_Informes/Informes_Latex/Medidas Electronicas 1/TP2/main.tex:180: Extra }, or forgotten $.
l.180 ... ----------- & \Delta x  & frac{\Delta x}
                                                  {X}  & \Delta x/X *100 \\ ...
I've deleted a group-closing symbol because it seems to be
spurious, as in `$x}$'. But perhaps the } is legitimate and
you forgot something else, as in `\hbox{$x}'. In such cases
the way to recover is to insert both the forgotten and the
deleted material, e.g., by typing `I$}'.

d:/AGUSTIN/Desktop/APLICADA_Informes/Informes_Latex/Medidas Electronicas 1/TP2/main.tex:180: Missing } inserted.
<inserted text> 
                }
l.180 ...------ & \Delta x  & frac{\Delta x}{X}  &
                                                   \Delta x/X *100 \\ \hline
I've put in what seems to be necessary to fix
the current column of the current alignment.
Try to go on, since this might almost work.

d:/AGUSTIN/Desktop/APLICADA_Informes/Informes_Latex/Medidas Electronicas 1/TP2/main.tex:180: Extra }, or forgotten $.
<inserted text> }
                 
l.180 ...------ & \Delta x  & frac{\Delta x}{X}  &
                                                   \Delta x/X *100 \\ \hline
I've deleted a group-closing symbol because it seems to be
spurious, as in `$x}$'. But perhaps the } is legitimate and
you forgot something else, as in `\hbox{$x}'. In such cases
the way to recover is to insert both the forgotten and the
deleted material, e.g., by typing `I$}'.

d:/AGUSTIN/Desktop/APLICADA_Informes/Informes_Latex/Medidas Electronicas 1/TP2/main.tex:180: Missing } inserted.
<inserted text> 
                }
l.180 ...------ & \Delta x  & frac{\Delta x}{X}  &
                                                   \Delta x/X *100 \\ \hline
I've put in what seems to be necessary to fix
the current column of the current alignment.
Try to go on, since this might almost work.

d:/AGUSTIN/Desktop/APLICADA_Informes/Informes_Latex/Medidas Electronicas 1/TP2/main.tex:180: Extra }, or forgotten $.
<inserted text> }
                 
l.180 ...------ & \Delta x  & frac{\Delta x}{X}  &
                                                   \Delta x/X *100 \\ \hline
I've deleted a group-closing symbol because it seems to be
spurious, as in `$x}$'. But perhaps the } is legitimate and
you forgot something else, as in `\hbox{$x}'. In such cases
the way to recover is to insert both the forgotten and the
deleted material, e.g., by typing `I$}'.

d:/AGUSTIN/Desktop/APLICADA_Informes/Informes_Latex/Medidas Electronicas 1/TP2/main.tex:180: Missing } inserted.
<inserted text> 
                }
l.180 ...------ & \Delta x  & frac{\Delta x}{X}  &
                                                   \Delta x/X *100 \\ \hline
I've put in what seems to be necessary to fix
the current column of the current alignment.
Try to go on, since this might almost work.

d:/AGUSTIN/Desktop/APLICADA_Informes/Informes_Latex/Medidas Electronicas 1/TP2/main.tex:180: Extra }, or forgotten $.
<inserted text> }
                 
l.180 ...------ & \Delta x  & frac{\Delta x}{X}  &
                                                   \Delta x/X *100 \\ \hline
I've deleted a group-closing symbol because it seems to be
spurious, as in `$x}$'. But perhaps the } is legitimate and
you forgot something else, as in `\hbox{$x}'. In such cases
the way to recover is to insert both the forgotten and the
deleted material, e.g., by typing `I$}'.

d:/AGUSTIN/Desktop/APLICADA_Informes/Informes_Latex/Medidas Electronicas 1/TP2/main.tex:180: Missing } inserted.
<inserted text> 
                }
l.180 ...------ & \Delta x  & frac{\Delta x}{X}  &
                                                   \Delta x/X *100 \\ \hline
I've put in what seems to be necessary to fix
the current column of the current alignment.
Try to go on, since this might almost work.

d:/AGUSTIN/Desktop/APLICADA_Informes/Informes_Latex/Medidas Electronicas 1/TP2/main.tex:180: Extra }, or forgotten $.
<inserted text> }
                 
l.180 ...------ & \Delta x  & frac{\Delta x}{X}  &
                                                   \Delta x/X *100 \\ \hline
I've deleted a group-closing symbol because it seems to be
spurious, as in `$x}$'. But perhaps the } is legitimate and
you forgot something else, as in `\hbox{$x}'. In such cases
the way to recover is to insert both the forgotten and the
deleted material, e.g., by typing `I$}'.

d:/AGUSTIN/Desktop/APLICADA_Informes/Informes_Latex/Medidas Electronicas 1/TP2/main.tex:180: Missing } inserted.
<inserted text> 
                }
l.180 ...------ & \Delta x  & frac{\Delta x}{X}  &
                                                   \Delta x/X *100 \\ \hline
I've put in what seems to be necessary to fix
the current column of the current alignment.
Try to go on, since this might almost work.

d:/AGUSTIN/Desktop/APLICADA_Informes/Informes_Latex/Medidas Electronicas 1/TP2/main.tex:180: Extra }, or forgotten $.
<inserted text> }
                 
l.180 ...------ & \Delta x  & frac{\Delta x}{X}  &
                                                   \Delta x/X *100 \\ \hline
I've deleted a group-closing symbol because it seems to be
spurious, as in `$x}$'. But perhaps the } is legitimate and
you forgot something else, as in `\hbox{$x}'. In such cases
the way to recover is to insert both the forgotten and the
deleted material, e.g., by typing `I$}'.

d:/AGUSTIN/Desktop/APLICADA_Informes/Informes_Latex/Medidas Electronicas 1/TP2/main.tex:180: Missing } inserted.
<inserted text> 
                }
l.180 ...------ & \Delta x  & frac{\Delta x}{X}  &
                                                   \Delta x/X *100 \\ \hline
I've put in what seems to be necessary to fix
the current column of the current alignment.
Try to go on, since this might almost work.

d:/AGUSTIN/Desktop/APLICADA_Informes/Informes_Latex/Medidas Electronicas 1/TP2/main.tex:180: Extra }, or forgotten $.
<inserted text> }
                 
l.180 ...------ & \Delta x  & frac{\Delta x}{X}  &
                                                   \Delta x/X *100 \\ \hline
I've deleted a group-closing symbol because it seems to be
spurious, as in `$x}$'. But perhaps the } is legitimate and
you forgot something else, as in `\hbox{$x}'. In such cases
the way to recover is to insert both the forgotten and the
deleted material, e.g., by typing `I$}'.

d:/AGUSTIN/Desktop/APLICADA_Informes/Informes_Latex/Medidas Electronicas 1/TP2/main.tex:180: Missing } inserted.
<inserted text> 
                }
l.180 ...------ & \Delta x  & frac{\Delta x}{X}  &
                                                   \Delta x/X *100 \\ \hline
I've put in what seems to be necessary to fix
the current column of the current alignment.
Try to go on, since this might almost work.

d:/AGUSTIN/Desktop/APLICADA_Informes/Informes_Latex/Medidas Electronicas 1/TP2/main.tex:180: Extra }, or forgotten $.
<inserted text> }
                 
l.180 ...------ & \Delta x  & frac{\Delta x}{X}  &
                                                   \Delta x/X *100 \\ \hline
I've deleted a group-closing symbol because it seems to be
spurious, as in `$x}$'. But perhaps the } is legitimate and
you forgot something else, as in `\hbox{$x}'. In such cases
the way to recover is to insert both the forgotten and the
deleted material, e.g., by typing `I$}'.

d:/AGUSTIN/Desktop/APLICADA_Informes/Informes_Latex/Medidas Electronicas 1/TP2/main.tex:180: Missing } inserted.
<inserted text> 
                }
l.180 ...------ & \Delta x  & frac{\Delta x}{X}  &
                                                   \Delta x/X *100 \\ \hline
I've put in what seems to be necessary to fix
the current column of the current alignment.
Try to go on, since this might almost work.

d:/AGUSTIN/Desktop/APLICADA_Informes/Informes_Latex/Medidas Electronicas 1/TP2/main.tex:180: Extra }, or forgotten $.
<inserted text> }
                 
l.180 ...------ & \Delta x  & frac{\Delta x}{X}  &
                                                   \Delta x/X *100 \\ \hline
I've deleted a group-closing symbol because it seems to be
spurious, as in `$x}$'. But perhaps the } is legitimate and
you forgot something else, as in `\hbox{$x}'. In such cases
the way to recover is to insert both the forgotten and the
deleted material, e.g., by typing `I$}'.

d:/AGUSTIN/Desktop/APLICADA_Informes/Informes_Latex/Medidas Electronicas 1/TP2/main.tex:180: Missing } inserted.
<inserted text> 
                }
l.180 ...------ & \Delta x  & frac{\Delta x}{X}  &
                                                   \Delta x/X *100 \\ \hline
I've put in what seems to be necessary to fix
the current column of the current alignment.
Try to go on, since this might almost work.

d:/AGUSTIN/Desktop/APLICADA_Informes/Informes_Latex/Medidas Electronicas 1/TP2/main.tex:180: Extra }, or forgotten $.
<inserted text> }
                 
l.180 ...------ & \Delta x  & frac{\Delta x}{X}  &
                                                   \Delta x/X *100 \\ \hline
I've deleted a group-closing symbol because it seems to be
spurious, as in `$x}$'. But perhaps the } is legitimate and
you forgot something else, as in `\hbox{$x}'. In such cases
the way to recover is to insert both the forgotten and the
deleted material, e.g., by typing `I$}'.

d:/AGUSTIN/Desktop/APLICADA_Informes/Informes_Latex/Medidas Electronicas 1/TP2/main.tex:180: Missing } inserted.
<inserted text> 
                }
l.180 ...------ & \Delta x  & frac{\Delta x}{X}  &
                                                   \Delta x/X *100 \\ \hline
I've put in what seems to be necessary to fix
the current column of the current alignment.
Try to go on, since this might almost work.

d:/AGUSTIN/Desktop/APLICADA_Informes/Informes_Latex/Medidas Electronicas 1/TP2/main.tex:180: Extra }, or forgotten $.
<inserted text> }
                 
l.180 ...------ & \Delta x  & frac{\Delta x}{X}  &
                                                   \Delta x/X *100 \\ \hline
I've deleted a group-closing symbol because it seems to be
spurious, as in `$x}$'. But perhaps the } is legitimate and
you forgot something else, as in `\hbox{$x}'. In such cases
the way to recover is to insert both the forgotten and the
deleted material, e.g., by typing `I$}'.

d:/AGUSTIN/Desktop/APLICADA_Informes/Informes_Latex/Medidas Electronicas 1/TP2/main.tex:180: Missing } inserted.
<inserted text> 
                }
l.180 ...------ & \Delta x  & frac{\Delta x}{X}  &
                                                   \Delta x/X *100 \\ \hline
I've put in what seems to be necessary to fix
the current column of the current alignment.
Try to go on, since this might almost work.

d:/AGUSTIN/Desktop/APLICADA_Informes/Informes_Latex/Medidas Electronicas 1/TP2/main.tex:180: Extra }, or forgotten $.
<inserted text> }
                 
l.180 ...------ & \Delta x  & frac{\Delta x}{X}  &
                                                   \Delta x/X *100 \\ \hline
I've deleted a group-closing symbol because it seems to be
spurious, as in `$x}$'. But perhaps the } is legitimate and
you forgot something else, as in `\hbox{$x}'. In such cases
the way to recover is to insert both the forgotten and the
deleted material, e.g., by typing `I$}'.

d:/AGUSTIN/Desktop/APLICADA_Informes/Informes_Latex/Medidas Electronicas 1/TP2/main.tex:180: Missing } inserted.
<inserted text> 
                }
l.180 ...------ & \Delta x  & frac{\Delta x}{X}  &
                                                   \Delta x/X *100 \\ \hline
I've put in what seems to be necessary to fix
the current column of the current alignment.
Try to go on, since this might almost work.

d:/AGUSTIN/Desktop/APLICADA_Informes/Informes_Latex/Medidas Electronicas 1/TP2/main.tex:180: Extra }, or forgotten $.
<inserted text> }
                 
l.180 ...------ & \Delta x  & frac{\Delta x}{X}  &
                                                   \Delta x/X *100 \\ \hline
I've deleted a group-closing symbol because it seems to be
spurious, as in `$x}$'. But perhaps the } is legitimate and
you forgot something else, as in `\hbox{$x}'. In such cases
the way to recover is to insert both the forgotten and the
deleted material, e.g., by typing `I$}'.

d:/AGUSTIN/Desktop/APLICADA_Informes/Informes_Latex/Medidas Electronicas 1/TP2/main.tex:180: Missing } inserted.
<inserted text> 
                }
l.180 ...------ & \Delta x  & frac{\Delta x}{X}  &
                                                   \Delta x/X *100 \\ \hline
I've put in what seems to be necessary to fix
the current column of the current alignment.
Try to go on, since this might almost work.

d:/AGUSTIN/Desktop/APLICADA_Informes/Informes_Latex/Medidas Electronicas 1/TP2/main.tex:180: Extra }, or forgotten $.
<inserted text> }
                 
l.180 ...------ & \Delta x  & frac{\Delta x}{X}  &
                                                   \Delta x/X *100 \\ \hline
I've deleted a group-closing symbol because it seems to be
spurious, as in `$x}$'. But perhaps the } is legitimate and
you forgot something else, as in `\hbox{$x}'. In such cases
the way to recover is to insert both the forgotten and the
deleted material, e.g., by typing `I$}'.

d:/AGUSTIN/Desktop/APLICADA_Informes/Informes_Latex/Medidas Electronicas 1/TP2/main.tex:180: Missing } inserted.
<inserted text> 
                }
l.180 ...------ & \Delta x  & frac{\Delta x}{X}  &
                                                   \Delta x/X *100 \\ \hline
I've put in what seems to be necessary to fix
the current column of the current alignment.
Try to go on, since this might almost work.

d:/AGUSTIN/Desktop/APLICADA_Informes/Informes_Latex/Medidas Electronicas 1/TP2/main.tex:180: Extra }, or forgotten $.
<inserted text> }
                 
l.180 ...------ & \Delta x  & frac{\Delta x}{X}  &
                                                   \Delta x/X *100 \\ \hline
I've deleted a group-closing symbol because it seems to be
spurious, as in `$x}$'. But perhaps the } is legitimate and
you forgot something else, as in `\hbox{$x}'. In such cases
the way to recover is to insert both the forgotten and the
deleted material, e.g., by typing `I$}'.

d:/AGUSTIN/Desktop/APLICADA_Informes/Informes_Latex/Medidas Electronicas 1/TP2/main.tex:180: Missing } inserted.
<inserted text> 
                }
l.180 ...------ & \Delta x  & frac{\Delta x}{X}  &
                                                   \Delta x/X *100 \\ \hline
I've put in what seems to be necessary to fix
the current column of the current alignment.
Try to go on, since this might almost work.

d:/AGUSTIN/Desktop/APLICADA_Informes/Informes_Latex/Medidas Electronicas 1/TP2/main.tex:180: Extra }, or forgotten $.
<inserted text> }
                 
l.180 ...------ & \Delta x  & frac{\Delta x}{X}  &
                                                   \Delta x/X *100 \\ \hline
I've deleted a group-closing symbol because it seems to be
spurious, as in `$x}$'. But perhaps the } is legitimate and
you forgot something else, as in `\hbox{$x}'. In such cases
the way to recover is to insert both the forgotten and the
deleted material, e.g., by typing `I$}'.

d:/AGUSTIN/Desktop/APLICADA_Informes/Informes_Latex/Medidas Electronicas 1/TP2/main.tex:180: Missing } inserted.
<inserted text> 
                }
l.180 ...------ & \Delta x  & frac{\Delta x}{X}  &
                                                   \Delta x/X *100 \\ \hline
I've put in what seems to be necessary to fix
the current column of the current alignment.
Try to go on, since this might almost work.

d:/AGUSTIN/Desktop/APLICADA_Informes/Informes_Latex/Medidas Electronicas 1/TP2/main.tex:180: Extra }, or forgotten $.
<inserted text> }
                 
l.180 ...------ & \Delta x  & frac{\Delta x}{X}  &
                                                   \Delta x/X *100 \\ \hline
I've deleted a group-closing symbol because it seems to be
spurious, as in `$x}$'. But perhaps the } is legitimate and
you forgot something else, as in `\hbox{$x}'. In such cases
the way to recover is to insert both the forgotten and the
deleted material, e.g., by typing `I$}'.

d:/AGUSTIN/Desktop/APLICADA_Informes/Informes_Latex/Medidas Electronicas 1/TP2/main.tex:180: Missing } inserted.
<inserted text> 
                }
l.180 ...------ & \Delta x  & frac{\Delta x}{X}  &
                                                   \Delta x/X *100 \\ \hline
I've put in what seems to be necessary to fix
the current column of the current alignment.
Try to go on, since this might almost work.

d:/AGUSTIN/Desktop/APLICADA_Informes/Informes_Latex/Medidas Electronicas 1/TP2/main.tex:180: Extra }, or forgotten $.
<inserted text> }
                 
l.180 ...------ & \Delta x  & frac{\Delta x}{X}  &
                                                   \Delta x/X *100 \\ \hline
I've deleted a group-closing symbol because it seems to be
spurious, as in `$x}$'. But perhaps the } is legitimate and
you forgot something else, as in `\hbox{$x}'. In such cases
the way to recover is to insert both the forgotten and the
deleted material, e.g., by typing `I$}'.

d:/AGUSTIN/Desktop/APLICADA_Informes/Informes_Latex/Medidas Electronicas 1/TP2/main.tex:180: Missing } inserted.
<inserted text> 
                }
l.180 ...------ & \Delta x  & frac{\Delta x}{X}  &
                                                   \Delta x/X *100 \\ \hline
I've put in what seems to be necessary to fix
the current column of the current alignment.
Try to go on, since this might almost work.

d:/AGUSTIN/Desktop/APLICADA_Informes/Informes_Latex/Medidas Electronicas 1/TP2/main.tex:180: Extra }, or forgotten $.
<inserted text> }
                 
l.180 ...------ & \Delta x  & frac{\Delta x}{X}  &
                                                   \Delta x/X *100 \\ \hline
I've deleted a group-closing symbol because it seems to be
spurious, as in `$x}$'. But perhaps the } is legitimate and
you forgot something else, as in `\hbox{$x}'. In such cases
the way to recover is to insert both the forgotten and the
deleted material, e.g., by typing `I$}'.

d:/AGUSTIN/Desktop/APLICADA_Informes/Informes_Latex/Medidas Electronicas 1/TP2/main.tex:180: Missing } inserted.
<inserted text> 
                }
l.180 ...------ & \Delta x  & frac{\Delta x}{X}  &
                                                   \Delta x/X *100 \\ \hline
I've put in what seems to be necessary to fix
the current column of the current alignment.
Try to go on, since this might almost work.

d:/AGUSTIN/Desktop/APLICADA_Informes/Informes_Latex/Medidas Electronicas 1/TP2/main.tex:180: Extra }, or forgotten $.
<inserted text> }
                 
l.180 ...------ & \Delta x  & frac{\Delta x}{X}  &
                                                   \Delta x/X *100 \\ \hline
I've deleted a group-closing symbol because it seems to be
spurious, as in `$x}$'. But perhaps the } is legitimate and
you forgot something else, as in `\hbox{$x}'. In such cases
the way to recover is to insert both the forgotten and the
deleted material, e.g., by typing `I$}'.

d:/AGUSTIN/Desktop/APLICADA_Informes/Informes_Latex/Medidas Electronicas 1/TP2/main.tex:180: Missing } inserted.
<inserted text> 
                }
l.180 ...------ & \Delta x  & frac{\Delta x}{X}  &
                                                   \Delta x/X *100 \\ \hline
I've put in what seems to be necessary to fix
the current column of the current alignment.
Try to go on, since this might almost work.

d:/AGUSTIN/Desktop/APLICADA_Informes/Informes_Latex/Medidas Electronicas 1/TP2/main.tex:180: Extra }, or forgotten $.
<inserted text> }
                 
l.180 ...------ & \Delta x  & frac{\Delta x}{X}  &
                                                   \Delta x/X *100 \\ \hline
I've deleted a group-closing symbol because it seems to be
spurious, as in `$x}$'. But perhaps the } is legitimate and
you forgot something else, as in `\hbox{$x}'. In such cases
the way to recover is to insert both the forgotten and the
deleted material, e.g., by typing `I$}'.

d:/AGUSTIN/Desktop/APLICADA_Informes/Informes_Latex/Medidas Electronicas 1/TP2/main.tex:180: Missing } inserted.
<inserted text> 
                }
l.180 ...------ & \Delta x  & frac{\Delta x}{X}  &
                                                   \Delta x/X *100 \\ \hline
I've put in what seems to be necessary to fix
the current column of the current alignment.
Try to go on, since this might almost work.

d:/AGUSTIN/Desktop/APLICADA_Informes/Informes_Latex/Medidas Electronicas 1/TP2/main.tex:180: Extra }, or forgotten $.
<inserted text> }
                 
l.180 ...------ & \Delta x  & frac{\Delta x}{X}  &
                                                   \Delta x/X *100 \\ \hline
I've deleted a group-closing symbol because it seems to be
spurious, as in `$x}$'. But perhaps the } is legitimate and
you forgot something else, as in `\hbox{$x}'. In such cases
the way to recover is to insert both the forgotten and the
deleted material, e.g., by typing `I$}'.

d:/AGUSTIN/Desktop/APLICADA_Informes/Informes_Latex/Medidas Electronicas 1/TP2/main.tex:180: Missing } inserted.
<inserted text> 
                }
l.180 ...------ & \Delta x  & frac{\Delta x}{X}  &
                                                   \Delta x/X *100 \\ \hline
I've put in what seems to be necessary to fix
the current column of the current alignment.
Try to go on, since this might almost work.

d:/AGUSTIN/Desktop/APLICADA_Informes/Informes_Latex/Medidas Electronicas 1/TP2/main.tex:180: Extra }, or forgotten $.
<inserted text> }
                 
l.180 ...------ & \Delta x  & frac{\Delta x}{X}  &
                                                   \Delta x/X *100 \\ \hline
I've deleted a group-closing symbol because it seems to be
spurious, as in `$x}$'. But perhaps the } is legitimate and
you forgot something else, as in `\hbox{$x}'. In such cases
the way to recover is to insert both the forgotten and the
deleted material, e.g., by typing `I$}'.

d:/AGUSTIN/Desktop/APLICADA_Informes/Informes_Latex/Medidas Electronicas 1/TP2/main.tex:180: Missing } inserted.
<inserted text> 
                }
l.180 ...------ & \Delta x  & frac{\Delta x}{X}  &
                                                   \Delta x/X *100 \\ \hline
I've put in what seems to be necessary to fix
the current column of the current alignment.
Try to go on, since this might almost work.

d:/AGUSTIN/Desktop/APLICADA_Informes/Informes_Latex/Medidas Electronicas 1/TP2/main.tex:180: Extra }, or forgotten $.
<inserted text> }
                 
l.180 ...------ & \Delta x  & frac{\Delta x}{X}  &
                                                   \Delta x/X *100 \\ \hline
I've deleted a group-closing symbol because it seems to be
spurious, as in `$x}$'. But perhaps the } is legitimate and
you forgot something else, as in `\hbox{$x}'. In such cases
the way to recover is to insert both the forgotten and the
deleted material, e.g., by typing `I$}'.

d:/AGUSTIN/Desktop/APLICADA_Informes/Informes_Latex/Medidas Electronicas 1/TP2/main.tex:180: Missing } inserted.
<inserted text> 
                }
l.180 ...------ & \Delta x  & frac{\Delta x}{X}  &
                                                   \Delta x/X *100 \\ \hline
I've put in what seems to be necessary to fix
the current column of the current alignment.
Try to go on, since this might almost work.

d:/AGUSTIN/Desktop/APLICADA_Informes/Informes_Latex/Medidas Electronicas 1/TP2/main.tex:180: Extra }, or forgotten $.
<inserted text> }
                 
l.180 ...------ & \Delta x  & frac{\Delta x}{X}  &
                                                   \Delta x/X *100 \\ \hline
I've deleted a group-closing symbol because it seems to be
spurious, as in `$x}$'. But perhaps the } is legitimate and
you forgot something else, as in `\hbox{$x}'. In such cases
the way to recover is to insert both the forgotten and the
deleted material, e.g., by typing `I$}'.

d:/AGUSTIN/Desktop/APLICADA_Informes/Informes_Latex/Medidas Electronicas 1/TP2/main.tex:180: Missing } inserted.
<inserted text> 
                }
l.180 ...------ & \Delta x  & frac{\Delta x}{X}  &
                                                   \Delta x/X *100 \\ \hline
I've put in what seems to be necessary to fix
the current column of the current alignment.
Try to go on, since this might almost work.

d:/AGUSTIN/Desktop/APLICADA_Informes/Informes_Latex/Medidas Electronicas 1/TP2/main.tex:180: Extra }, or forgotten $.
<inserted text> }
                 
l.180 ...------ & \Delta x  & frac{\Delta x}{X}  &
                                                   \Delta x/X *100 \\ \hline
I've deleted a group-closing symbol because it seems to be
spurious, as in `$x}$'. But perhaps the } is legitimate and
you forgot something else, as in `\hbox{$x}'. In such cases
the way to recover is to insert both the forgotten and the
deleted material, e.g., by typing `I$}'.

d:/AGUSTIN/Desktop/APLICADA_Informes/Informes_Latex/Medidas Electronicas 1/TP2/main.tex:180: Missing } inserted.
<inserted text> 
                }
l.180 ...------ & \Delta x  & frac{\Delta x}{X}  &
                                                   \Delta x/X *100 \\ \hline
I've put in what seems to be necessary to fix
the current column of the current alignment.
Try to go on, since this might almost work.

d:/AGUSTIN/Desktop/APLICADA_Informes/Informes_Latex/Medidas Electronicas 1/TP2/main.tex:180: Extra }, or forgotten $.
<inserted text> }
                 
l.180 ...------ & \Delta x  & frac{\Delta x}{X}  &
                                                   \Delta x/X *100 \\ \hline
I've deleted a group-closing symbol because it seems to be
spurious, as in `$x}$'. But perhaps the } is legitimate and
you forgot something else, as in `\hbox{$x}'. In such cases
the way to recover is to insert both the forgotten and the
deleted material, e.g., by typing `I$}'.

d:/AGUSTIN/Desktop/APLICADA_Informes/Informes_Latex/Medidas Electronicas 1/TP2/main.tex:180: Missing } inserted.
<inserted text> 
                }
l.180 ...------ & \Delta x  & frac{\Delta x}{X}  &
                                                   \Delta x/X *100 \\ \hline
I've put in what seems to be necessary to fix
the current column of the current alignment.
Try to go on, since this might almost work.

d:/AGUSTIN/Desktop/APLICADA_Informes/Informes_Latex/Medidas Electronicas 1/TP2/main.tex:180: Extra }, or forgotten $.
<inserted text> }
                 
l.180 ...------ & \Delta x  & frac{\Delta x}{X}  &
                                                   \Delta x/X *100 \\ \hline
I've deleted a group-closing symbol because it seems to be
spurious, as in `$x}$'. But perhaps the } is legitimate and
you forgot something else, as in `\hbox{$x}'. In such cases
the way to recover is to insert both the forgotten and the
deleted material, e.g., by typing `I$}'.

d:/AGUSTIN/Desktop/APLICADA_Informes/Informes_Latex/Medidas Electronicas 1/TP2/main.tex:180: Missing } inserted.
<inserted text> 
                }
l.180 ...------ & \Delta x  & frac{\Delta x}{X}  &
                                                   \Delta x/X *100 \\ \hline
I've put in what seems to be necessary to fix
the current column of the current alignment.
Try to go on, since this might almost work.

d:/AGUSTIN/Desktop/APLICADA_Informes/Informes_Latex/Medidas Electronicas 1/TP2/main.tex:180: Extra }, or forgotten $.
<inserted text> }
                 
l.180 ...------ & \Delta x  & frac{\Delta x}{X}  &
                                                   \Delta x/X *100 \\ \hline
I've deleted a group-closing symbol because it seems to be
spurious, as in `$x}$'. But perhaps the } is legitimate and
you forgot something else, as in `\hbox{$x}'. In such cases
the way to recover is to insert both the forgotten and the
deleted material, e.g., by typing `I$}'.

d:/AGUSTIN/Desktop/APLICADA_Informes/Informes_Latex/Medidas Electronicas 1/TP2/main.tex:180: Missing } inserted.
<inserted text> 
                }
l.180 ...------ & \Delta x  & frac{\Delta x}{X}  &
                                                   \Delta x/X *100 \\ \hline
I've put in what seems to be necessary to fix
the current column of the current alignment.
Try to go on, since this might almost work.

d:/AGUSTIN/Desktop/APLICADA_Informes/Informes_Latex/Medidas Electronicas 1/TP2/main.tex:180: Extra }, or forgotten $.
<inserted text> }
                 
l.180 ...------ & \Delta x  & frac{\Delta x}{X}  &
                                                   \Delta x/X *100 \\ \hline
I've deleted a group-closing symbol because it seems to be
spurious, as in `$x}$'. But perhaps the } is legitimate and
you forgot something else, as in `\hbox{$x}'. In such cases
the way to recover is to insert both the forgotten and the
deleted material, e.g., by typing `I$}'.

d:/AGUSTIN/Desktop/APLICADA_Informes/Informes_Latex/Medidas Electronicas 1/TP2/main.tex:180: Missing } inserted.
<inserted text> 
                }
l.180 ...------ & \Delta x  & frac{\Delta x}{X}  &
                                                   \Delta x/X *100 \\ \hline
I've put in what seems to be necessary to fix
the current column of the current alignment.
Try to go on, since this might almost work.

d:/AGUSTIN/Desktop/APLICADA_Informes/Informes_Latex/Medidas Electronicas 1/TP2/main.tex:180: Extra }, or forgotten $.
<inserted text> }
                 
l.180 ...------ & \Delta x  & frac{\Delta x}{X}  &
                                                   \Delta x/X *100 \\ \hline
I've deleted a group-closing symbol because it seems to be
spurious, as in `$x}$'. But perhaps the } is legitimate and
you forgot something else, as in `\hbox{$x}'. In such cases
the way to recover is to insert both the forgotten and the
deleted material, e.g., by typing `I$}'.

d:/AGUSTIN/Desktop/APLICADA_Informes/Informes_Latex/Medidas Electronicas 1/TP2/main.tex:180: Missing } inserted.
<inserted text> 
                }
l.180 ...------ & \Delta x  & frac{\Delta x}{X}  &
                                                   \Delta x/X *100 \\ \hline
I've put in what seems to be necessary to fix
the current column of the current alignment.
Try to go on, since this might almost work.

d:/AGUSTIN/Desktop/APLICADA_Informes/Informes_Latex/Medidas Electronicas 1/TP2/main.tex:180: Extra }, or forgotten $.
<inserted text> }
                 
l.180 ...------ & \Delta x  & frac{\Delta x}{X}  &
                                                   \Delta x/X *100 \\ \hline
I've deleted a group-closing symbol because it seems to be
spurious, as in `$x}$'. But perhaps the } is legitimate and
you forgot something else, as in `\hbox{$x}'. In such cases
the way to recover is to insert both the forgotten and the
deleted material, e.g., by typing `I$}'.

d:/AGUSTIN/Desktop/APLICADA_Informes/Informes_Latex/Medidas Electronicas 1/TP2/main.tex:180: Missing } inserted.
<inserted text> 
                }
l.180 ...------ & \Delta x  & frac{\Delta x}{X}  &
                                                   \Delta x/X *100 \\ \hline
I've put in what seems to be necessary to fix
the current column of the current alignment.
Try to go on, since this might almost work.

d:/AGUSTIN/Desktop/APLICADA_Informes/Informes_Latex/Medidas Electronicas 1/TP2/main.tex:180: Extra }, or forgotten $.
<inserted text> }
                 
l.180 ...------ & \Delta x  & frac{\Delta x}{X}  &
                                                   \Delta x/X *100 \\ \hline
I've deleted a group-closing symbol because it seems to be
spurious, as in `$x}$'. But perhaps the } is legitimate and
you forgot something else, as in `\hbox{$x}'. In such cases
the way to recover is to insert both the forgotten and the
deleted material, e.g., by typing `I$}'.

d:/AGUSTIN/Desktop/APLICADA_Informes/Informes_Latex/Medidas Electronicas 1/TP2/main.tex:180: Missing } inserted.
<inserted text> 
                }
l.180 ...------ & \Delta x  & frac{\Delta x}{X}  &
                                                   \Delta x/X *100 \\ \hline
I've put in what seems to be necessary to fix
the current column of the current alignment.
Try to go on, since this might almost work.

d:/AGUSTIN/Desktop/APLICADA_Informes/Informes_Latex/Medidas Electronicas 1/TP2/main.tex:180: Extra }, or forgotten $.
<inserted text> }
                 
l.180 ...------ & \Delta x  & frac{\Delta x}{X}  &
                                                   \Delta x/X *100 \\ \hline
I've deleted a group-closing symbol because it seems to be
spurious, as in `$x}$'. But perhaps the } is legitimate and
you forgot something else, as in `\hbox{$x}'. In such cases
the way to recover is to insert both the forgotten and the
deleted material, e.g., by typing `I$}'.

d:/AGUSTIN/Desktop/APLICADA_Informes/Informes_Latex/Medidas Electronicas 1/TP2/main.tex:180: Missing } inserted.
<inserted text> 
                }
l.180 ...------ & \Delta x  & frac{\Delta x}{X}  &
                                                   \Delta x/X *100 \\ \hline
I've put in what seems to be necessary to fix
the current column of the current alignment.
Try to go on, since this might almost work.

d:/AGUSTIN/Desktop/APLICADA_Informes/Informes_Latex/Medidas Electronicas 1/TP2/main.tex:180: Extra }, or forgotten $.
<inserted text> }
                 
l.180 ...------ & \Delta x  & frac{\Delta x}{X}  &
                                                   \Delta x/X *100 \\ \hline
I've deleted a group-closing symbol because it seems to be
spurious, as in `$x}$'. But perhaps the } is legitimate and
you forgot something else, as in `\hbox{$x}'. In such cases
the way to recover is to insert both the forgotten and the
deleted material, e.g., by typing `I$}'.

d:/AGUSTIN/Desktop/APLICADA_Informes/Informes_Latex/Medidas Electronicas 1/TP2/main.tex:180: Missing } inserted.
<inserted text> 
                }
l.180 ...------ & \Delta x  & frac{\Delta x}{X}  &
                                                   \Delta x/X *100 \\ \hline
I've put in what seems to be necessary to fix
the current column of the current alignment.
Try to go on, since this might almost work.

d:/AGUSTIN/Desktop/APLICADA_Informes/Informes_Latex/Medidas Electronicas 1/TP2/main.tex:180: Extra }, or forgotten $.
<inserted text> }
                 
l.180 ...------ & \Delta x  & frac{\Delta x}{X}  &
                                                   \Delta x/X *100 \\ \hline
I've deleted a group-closing symbol because it seems to be
spurious, as in `$x}$'. But perhaps the } is legitimate and
you forgot something else, as in `\hbox{$x}'. In such cases
the way to recover is to insert both the forgotten and the
deleted material, e.g., by typing `I$}'.

d:/AGUSTIN/Desktop/APLICADA_Informes/Informes_Latex/Medidas Electronicas 1/TP2/main.tex:180: Missing } inserted.
<inserted text> 
                }
l.180 ...------ & \Delta x  & frac{\Delta x}{X}  &
                                                   \Delta x/X *100 \\ \hline
I've put in what seems to be necessary to fix
the current column of the current alignment.
Try to go on, since this might almost work.

d:/AGUSTIN/Desktop/APLICADA_Informes/Informes_Latex/Medidas Electronicas 1/TP2/main.tex:180: Extra }, or forgotten $.
<inserted text> }
                 
l.180 ...------ & \Delta x  & frac{\Delta x}{X}  &
                                                   \Delta x/X *100 \\ \hline
I've deleted a group-closing symbol because it seems to be
spurious, as in `$x}$'. But perhaps the } is legitimate and
you forgot something else, as in `\hbox{$x}'. In such cases
the way to recover is to insert both the forgotten and the
deleted material, e.g., by typing `I$}'.

d:/AGUSTIN/Desktop/APLICADA_Informes/Informes_Latex/Medidas Electronicas 1/TP2/main.tex:180: Missing } inserted.
<inserted text> 
                }
l.180 ...------ & \Delta x  & frac{\Delta x}{X}  &
                                                   \Delta x/X *100 \\ \hline
I've put in what seems to be necessary to fix
the current column of the current alignment.
Try to go on, since this might almost work.

d:/AGUSTIN/Desktop/APLICADA_Informes/Informes_Latex/Medidas Electronicas 1/TP2/main.tex:180: Extra }, or forgotten $.
<inserted text> }
                 
l.180 ...------ & \Delta x  & frac{\Delta x}{X}  &
                                                   \Delta x/X *100 \\ \hline
I've deleted a group-closing symbol because it seems to be
spurious, as in `$x}$'. But perhaps the } is legitimate and
you forgot something else, as in `\hbox{$x}'. In such cases
the way to recover is to insert both the forgotten and the
deleted material, e.g., by typing `I$}'.

d:/AGUSTIN/Desktop/APLICADA_Informes/Informes_Latex/Medidas Electronicas 1/TP2/main.tex:180: Missing } inserted.
<inserted text> 
                }
l.180 ...------ & \Delta x  & frac{\Delta x}{X}  &
                                                   \Delta x/X *100 \\ \hline
I've put in what seems to be necessary to fix
the current column of the current alignment.
Try to go on, since this might almost work.

d:/AGUSTIN/Desktop/APLICADA_Informes/Informes_Latex/Medidas Electronicas 1/TP2/main.tex:180: Extra }, or forgotten $.
<inserted text> }
                 
l.180 ...------ & \Delta x  & frac{\Delta x}{X}  &
                                                   \Delta x/X *100 \\ \hline
I've deleted a group-closing symbol because it seems to be
spurious, as in `$x}$'. But perhaps the } is legitimate and
you forgot something else, as in `\hbox{$x}'. In such cases
the way to recover is to insert both the forgotten and the
deleted material, e.g., by typing `I$}'.

d:/AGUSTIN/Desktop/APLICADA_Informes/Informes_Latex/Medidas Electronicas 1/TP2/main.tex:180: Missing } inserted.
<inserted text> 
                }
l.180 ...------ & \Delta x  & frac{\Delta x}{X}  &
                                                   \Delta x/X *100 \\ \hline
I've put in what seems to be necessary to fix
the current column of the current alignment.
Try to go on, since this might almost work.

d:/AGUSTIN/Desktop/APLICADA_Informes/Informes_Latex/Medidas Electronicas 1/TP2/main.tex:180: Extra }, or forgotten $.
<inserted text> }
                 
l.180 ...------ & \Delta x  & frac{\Delta x}{X}  &
                                                   \Delta x/X *100 \\ \hline
I've deleted a group-closing symbol because it seems to be
spurious, as in `$x}$'. But perhaps the } is legitimate and
you forgot something else, as in `\hbox{$x}'. In such cases
the way to recover is to insert both the forgotten and the
deleted material, e.g., by typing `I$}'.

d:/AGUSTIN/Desktop/APLICADA_Informes/Informes_Latex/Medidas Electronicas 1/TP2/main.tex:180: Missing } inserted.
<inserted text> 
                }
l.180 ...------ & \Delta x  & frac{\Delta x}{X}  &
                                                   \Delta x/X *100 \\ \hline
I've put in what seems to be necessary to fix
the current column of the current alignment.
Try to go on, since this might almost work.

d:/AGUSTIN/Desktop/APLICADA_Informes/Informes_Latex/Medidas Electronicas 1/TP2/main.tex:180: Extra }, or forgotten $.
<inserted text> }
                 
l.180 ...------ & \Delta x  & frac{\Delta x}{X}  &
                                                   \Delta x/X *100 \\ \hline
I've deleted a group-closing symbol because it seems to be
spurious, as in `$x}$'. But perhaps the } is legitimate and
you forgot something else, as in `\hbox{$x}'. In such cases
the way to recover is to insert both the forgotten and the
deleted material, e.g., by typing `I$}'.

d:/AGUSTIN/Desktop/APLICADA_Informes/Informes_Latex/Medidas Electronicas 1/TP2/main.tex:180: Missing } inserted.
<inserted text> 
                }
l.180 ...------ & \Delta x  & frac{\Delta x}{X}  &
                                                   \Delta x/X *100 \\ \hline
I've put in what seems to be necessary to fix
the current column of the current alignment.
Try to go on, since this might almost work.

d:/AGUSTIN/Desktop/APLICADA_Informes/Informes_Latex/Medidas Electronicas 1/TP2/main.tex:180: Extra }, or forgotten $.
<inserted text> }
                 
l.180 ...------ & \Delta x  & frac{\Delta x}{X}  &
                                                   \Delta x/X *100 \\ \hline
I've deleted a group-closing symbol because it seems to be
spurious, as in `$x}$'. But perhaps the } is legitimate and
you forgot something else, as in `\hbox{$x}'. In such cases
the way to recover is to insert both the forgotten and the
deleted material, e.g., by typing `I$}'.

d:/AGUSTIN/Desktop/APLICADA_Informes/Informes_Latex/Medidas Electronicas 1/TP2/main.tex:180: Missing } inserted.
<inserted text> 
                }
l.180 ...------ & \Delta x  & frac{\Delta x}{X}  &
                                                   \Delta x/X *100 \\ \hline
I've put in what seems to be necessary to fix
the current column of the current alignment.
Try to go on, since this might almost work.

d:/AGUSTIN/Desktop/APLICADA_Informes/Informes_Latex/Medidas Electronicas 1/TP2/main.tex:180: Extra }, or forgotten $.
<inserted text> }
                 
l.180 ...------ & \Delta x  & frac{\Delta x}{X}  &
                                                   \Delta x/X *100 \\ \hline
I've deleted a group-closing symbol because it seems to be
spurious, as in `$x}$'. But perhaps the } is legitimate and
you forgot something else, as in `\hbox{$x}'. In such cases
the way to recover is to insert both the forgotten and the
deleted material, e.g., by typing `I$}'.

d:/AGUSTIN/Desktop/APLICADA_Informes/Informes_Latex/Medidas Electronicas 1/TP2/main.tex:180: Missing } inserted.
<inserted text> 
                }
l.180 ...------ & \Delta x  & frac{\Delta x}{X}  &
                                                   \Delta x/X *100 \\ \hline
I've put in what seems to be necessary to fix
the current column of the current alignment.
Try to go on, since this might almost work.

d:/AGUSTIN/Desktop/APLICADA_Informes/Informes_Latex/Medidas Electronicas 1/TP2/main.tex:180: Extra }, or forgotten $.
<inserted text> }
                 
l.180 ...------ & \Delta x  & frac{\Delta x}{X}  &
                                                   \Delta x/X *100 \\ \hline
I've deleted a group-closing symbol because it seems to be
spurious, as in `$x}$'. But perhaps the } is legitimate and
you forgot something else, as in `\hbox{$x}'. In such cases
the way to recover is to insert both the forgotten and the
deleted material, e.g., by typing `I$}'.

d:/AGUSTIN/Desktop/APLICADA_Informes/Informes_Latex/Medidas Electronicas 1/TP2/main.tex:180: Missing } inserted.
<inserted text> 
                }
l.180 ...------ & \Delta x  & frac{\Delta x}{X}  &
                                                   \Delta x/X *100 \\ \hline
I've put in what seems to be necessary to fix
the current column of the current alignment.
Try to go on, since this might almost work.

d:/AGUSTIN/Desktop/APLICADA_Informes/Informes_Latex/Medidas Electronicas 1/TP2/main.tex:180: Extra }, or forgotten $.
<inserted text> }
                 
l.180 ...------ & \Delta x  & frac{\Delta x}{X}  &
                                                   \Delta x/X *100 \\ \hline
I've deleted a group-closing symbol because it seems to be
spurious, as in `$x}$'. But perhaps the } is legitimate and
you forgot something else, as in `\hbox{$x}'. In such cases
the way to recover is to insert both the forgotten and the
deleted material, e.g., by typing `I$}'.

d:/AGUSTIN/Desktop/APLICADA_Informes/Informes_Latex/Medidas Electronicas 1/TP2/main.tex:180: Missing } inserted.
<inserted text> 
                }
l.180 ...------ & \Delta x  & frac{\Delta x}{X}  &
                                                   \Delta x/X *100 \\ \hline
I've put in what seems to be necessary to fix
the current column of the current alignment.
Try to go on, since this might almost work.

d:/AGUSTIN/Desktop/APLICADA_Informes/Informes_Latex/Medidas Electronicas 1/TP2/main.tex:180: Extra }, or forgotten $.
<inserted text> }
                 
l.180 ...------ & \Delta x  & frac{\Delta x}{X}  &
                                                   \Delta x/X *100 \\ \hline
I've deleted a group-closing symbol because it seems to be
spurious, as in `$x}$'. But perhaps the } is legitimate and
you forgot something else, as in `\hbox{$x}'. In such cases
the way to recover is to insert both the forgotten and the
deleted material, e.g., by typing `I$}'.

d:/AGUSTIN/Desktop/APLICADA_Informes/Informes_Latex/Medidas Electronicas 1/TP2/main.tex:180: Missing } inserted.
<inserted text> 
                }
l.180 ...------ & \Delta x  & frac{\Delta x}{X}  &
                                                   \Delta x/X *100 \\ \hline
I've put in what seems to be necessary to fix
the current column of the current alignment.
Try to go on, since this might almost work.

d:/AGUSTIN/Desktop/APLICADA_Informes/Informes_Latex/Medidas Electronicas 1/TP2/main.tex:180: Extra }, or forgotten $.
<inserted text> }
                 
l.180 ...------ & \Delta x  & frac{\Delta x}{X}  &
                                                   \Delta x/X *100 \\ \hline
I've deleted a group-closing symbol because it seems to be
spurious, as in `$x}$'. But perhaps the } is legitimate and
you forgot something else, as in `\hbox{$x}'. In such cases
the way to recover is to insert both the forgotten and the
deleted material, e.g., by typing `I$}'.

d:/AGUSTIN/Desktop/APLICADA_Informes/Informes_Latex/Medidas Electronicas 1/TP2/main.tex:180: Missing } inserted.
<inserted text> 
                }
l.180 ...------ & \Delta x  & frac{\Delta x}{X}  &
                                                   \Delta x/X *100 \\ \hline
I've put in what seems to be necessary to fix
the current column of the current alignment.
Try to go on, since this might almost work.

d:/AGUSTIN/Desktop/APLICADA_Informes/Informes_Latex/Medidas Electronicas 1/TP2/main.tex:180: Extra }, or forgotten $.
<inserted text> }
                 
l.180 ...------ & \Delta x  & frac{\Delta x}{X}  &
                                                   \Delta x/X *100 \\ \hline
(That makes 100 errors; please try again.) 
Here is how much of TeX's memory you used:
 3533 strings out of 476334
 57105 string characters out of 5805787
 1860382 words of memory out of 5000000
 23949 multiletter control sequences out of 15000+600000
 518088 words of font info for 51 fonts, out of 8000000 for 9000
 1141 hyphenation exceptions out of 8191
 57i,15n,62p,324b,409s stack positions out of 10000i,1000n,20000p,200000b,200000s

d:/AGUSTIN/Desktop/APLICADA_Informes/Informes_Latex/Medidas Electronicas 1/TP2/main.tex:180:  ==> Fatal error occurred, no output PDF file produced!
